{"C:\\Users\\T-GAMER\\Desktop\\Meus Projetos\\nova-pagina-de-blog\\server\\src\\repository\\in-memory\\in-memory-articles-tags.ts": {"path":"C:\\Users\\T-GAMER\\Desktop\\Meus Projetos\\nova-pagina-de-blog\\server\\src\\repository\\in-memory\\in-memory-articles-tags.ts","all":false,"statementMap":{"0":{"start":{"line":1,"column":0},"end":{"line":1,"column":90}},"1":{"start":{"line":2,"column":0},"end":{"line":2,"column":54}},"2":{"start":{"line":3,"column":0},"end":{"line":3,"column":73}},"3":{"start":{"line":4,"column":0},"end":{"line":4,"column":0}},"4":{"start":{"line":5,"column":0},"end":{"line":5,"column":33}},"5":{"start":{"line":6,"column":0},"end":{"line":6,"column":35}},"6":{"start":{"line":7,"column":0},"end":{"line":7,"column":0}},"7":{"start":{"line":8,"column":0},"end":{"line":8,"column":1}},"8":{"start":{"line":9,"column":0},"end":{"line":9,"column":68}},"9":{"start":{"line":10,"column":0},"end":{"line":10,"column":37}},"10":{"start":{"line":11,"column":0},"end":{"line":11,"column":33}},"11":{"start":{"line":12,"column":0},"end":{"line":12,"column":58}},"12":{"start":{"line":13,"column":0},"end":{"line":13,"column":35}},"13":{"start":{"line":14,"column":0},"end":{"line":14,"column":0}},"14":{"start":{"line":15,"column":0},"end":{"line":15,"column":5}},"15":{"start":{"line":16,"column":0},"end":{"line":16,"column":65}},"16":{"start":{"line":17,"column":0},"end":{"line":17,"column":31}},"17":{"start":{"line":18,"column":0},"end":{"line":18,"column":45}},"18":{"start":{"line":19,"column":0},"end":{"line":19,"column":32}},"19":{"start":{"line":20,"column":0},"end":{"line":20,"column":47}},"20":{"start":{"line":21,"column":0},"end":{"line":21,"column":9}},"21":{"start":{"line":22,"column":0},"end":{"line":22,"column":38}},"22":{"start":{"line":23,"column":0},"end":{"line":23,"column":28}},"23":{"start":{"line":24,"column":0},"end":{"line":24,"column":5}},"24":{"start":{"line":25,"column":0},"end":{"line":25,"column":32}},"25":{"start":{"line":26,"column":0},"end":{"line":26,"column":63}},"26":{"start":{"line":27,"column":0},"end":{"line":27,"column":36}},"27":{"start":{"line":28,"column":0},"end":{"line":28,"column":9}},"28":{"start":{"line":29,"column":0},"end":{"line":29,"column":0}},"29":{"start":{"line":30,"column":0},"end":{"line":30,"column":28}},"30":{"start":{"line":31,"column":0},"end":{"line":31,"column":23}},"31":{"start":{"line":32,"column":0},"end":{"line":32,"column":9}},"32":{"start":{"line":33,"column":0},"end":{"line":33,"column":28}},"33":{"start":{"line":34,"column":0},"end":{"line":34,"column":5}},"34":{"start":{"line":35,"column":0},"end":{"line":35,"column":42}},"35":{"start":{"line":36,"column":0},"end":{"line":36,"column":65}},"36":{"start":{"line":37,"column":0},"end":{"line":37,"column":43}},"37":{"start":{"line":38,"column":0},"end":{"line":38,"column":9}},"38":{"start":{"line":39,"column":0},"end":{"line":39,"column":0}},"39":{"start":{"line":40,"column":0},"end":{"line":40,"column":28}},"40":{"start":{"line":41,"column":0},"end":{"line":41,"column":23}},"41":{"start":{"line":42,"column":0},"end":{"line":42,"column":9}},"42":{"start":{"line":43,"column":0},"end":{"line":43,"column":28}},"43":{"start":{"line":44,"column":0},"end":{"line":44,"column":5}},"44":{"start":{"line":45,"column":0},"end":{"line":45,"column":53}},"45":{"start":{"line":46,"column":0},"end":{"line":46,"column":65}},"46":{"start":{"line":47,"column":0},"end":{"line":47,"column":51}},"47":{"start":{"line":48,"column":0},"end":{"line":48,"column":9}},"48":{"start":{"line":49,"column":0},"end":{"line":49,"column":8}},"49":{"start":{"line":50,"column":0},"end":{"line":50,"column":28}},"50":{"start":{"line":51,"column":0},"end":{"line":51,"column":23}},"51":{"start":{"line":52,"column":0},"end":{"line":52,"column":9}},"52":{"start":{"line":53,"column":0},"end":{"line":53,"column":21}},"53":{"start":{"line":54,"column":0},"end":{"line":54,"column":45}},"54":{"start":{"line":55,"column":0},"end":{"line":55,"column":67}},"55":{"start":{"line":56,"column":0},"end":{"line":56,"column":34}},"56":{"start":{"line":57,"column":0},"end":{"line":57,"column":61}},"57":{"start":{"line":58,"column":0},"end":{"line":58,"column":13}},"58":{"start":{"line":59,"column":0},"end":{"line":59,"column":9}},"59":{"start":{"line":60,"column":0},"end":{"line":60,"column":8}},"60":{"start":{"line":61,"column":0},"end":{"line":61,"column":19}},"61":{"start":{"line":62,"column":0},"end":{"line":62,"column":5}},"62":{"start":{"line":63,"column":0},"end":{"line":63,"column":32}},"63":{"start":{"line":64,"column":0},"end":{"line":64,"column":8}},"64":{"start":{"line":65,"column":0},"end":{"line":65,"column":5}},"65":{"start":{"line":66,"column":0},"end":{"line":66,"column":1}}},"s":{"0":1,"1":1,"2":1,"3":1,"4":1,"5":1,"6":1,"7":1,"8":1,"9":1,"10":1,"11":1,"12":54,"13":54,"14":54,"15":1,"16":6,"17":6,"18":6,"19":6,"20":6,"21":6,"22":6,"23":6,"24":1,"25":0,"26":0,"27":0,"28":0,"29":0,"30":0,"31":0,"32":0,"33":0,"34":1,"35":0,"36":0,"37":0,"38":0,"39":0,"40":0,"41":0,"42":0,"43":0,"44":1,"45":6,"46":3,"47":6,"48":6,"49":6,"50":0,"51":0,"52":6,"53":6,"54":3,"55":3,"56":3,"57":3,"58":3,"59":6,"60":6,"61":6,"62":1,"63":0,"64":0,"65":1},"branchMap":{"0":{"type":"branch","line":12,"loc":{"start":{"line":12,"column":4},"end":{"line":15,"column":5}},"locations":[{"start":{"line":12,"column":4},"end":{"line":15,"column":5}}]},"1":{"type":"branch","line":16,"loc":{"start":{"line":16,"column":4},"end":{"line":24,"column":5}},"locations":[{"start":{"line":16,"column":4},"end":{"line":24,"column":5}}]},"2":{"type":"branch","line":20,"loc":{"start":{"line":20,"column":29},"end":{"line":20,"column":47}},"locations":[{"start":{"line":20,"column":29},"end":{"line":20,"column":47}}]},"3":{"type":"branch","line":45,"loc":{"start":{"line":45,"column":4},"end":{"line":62,"column":5}},"locations":[{"start":{"line":45,"column":4},"end":{"line":62,"column":5}}]},"4":{"type":"branch","line":50,"loc":{"start":{"line":50,"column":27},"end":{"line":52,"column":9}},"locations":[{"start":{"line":50,"column":27},"end":{"line":52,"column":9}}]},"5":{"type":"branch","line":54,"loc":{"start":{"line":54,"column":44},"end":{"line":59,"column":9}},"locations":[{"start":{"line":54,"column":44},"end":{"line":59,"column":9}}]},"6":{"type":"branch","line":46,"loc":{"start":{"line":46,"column":48},"end":{"line":47,"column":51}},"locations":[{"start":{"line":46,"column":48},"end":{"line":47,"column":51}}]}},"b":{"0":[54],"1":[6],"2":[0],"3":[6],"4":[0],"5":[3],"6":[3]},"fnMap":{"0":{"name":"InMemoryArticleTags","decl":{"start":{"line":12,"column":4},"end":{"line":15,"column":5}},"loc":{"start":{"line":12,"column":4},"end":{"line":15,"column":5}},"line":12},"1":{"name":"create","decl":{"start":{"line":16,"column":4},"end":{"line":24,"column":5}},"loc":{"start":{"line":16,"column":4},"end":{"line":24,"column":5}},"line":16},"2":{"name":"findById","decl":{"start":{"line":25,"column":4},"end":{"line":34,"column":5}},"loc":{"start":{"line":25,"column":4},"end":{"line":34,"column":5}},"line":25},"3":{"name":"selectByTagsId","decl":{"start":{"line":35,"column":4},"end":{"line":44,"column":5}},"loc":{"start":{"line":35,"column":4},"end":{"line":44,"column":5}},"line":35},"4":{"name":"selectTagsByArticleId","decl":{"start":{"line":45,"column":4},"end":{"line":62,"column":5}},"loc":{"start":{"line":45,"column":4},"end":{"line":62,"column":5}},"line":45},"5":{"name":"selectArticlesTags","decl":{"start":{"line":63,"column":4},"end":{"line":65,"column":5}},"loc":{"start":{"line":63,"column":4},"end":{"line":65,"column":5}},"line":63}},"f":{"0":54,"1":6,"2":0,"3":0,"4":6,"5":0}}
,"C:\\Users\\T-GAMER\\Desktop\\Meus Projetos\\nova-pagina-de-blog\\server\\src\\repository\\in-memory\\in-memory-articles.ts": {"path":"C:\\Users\\T-GAMER\\Desktop\\Meus Projetos\\nova-pagina-de-blog\\server\\src\\repository\\in-memory\\in-memory-articles.ts","all":false,"statementMap":{"0":{"start":{"line":1,"column":0},"end":{"line":1,"column":146}},"1":{"start":{"line":2,"column":0},"end":{"line":2,"column":62}},"2":{"start":{"line":3,"column":0},"end":{"line":3,"column":36}},"3":{"start":{"line":4,"column":0},"end":{"line":4,"column":84}},"4":{"start":{"line":5,"column":0},"end":{"line":5,"column":87}},"5":{"start":{"line":6,"column":0},"end":{"line":6,"column":85}},"6":{"start":{"line":7,"column":0},"end":{"line":7,"column":85}},"7":{"start":{"line":8,"column":0},"end":{"line":8,"column":79}},"8":{"start":{"line":9,"column":0},"end":{"line":9,"column":90}},"9":{"start":{"line":10,"column":0},"end":{"line":10,"column":0}},"10":{"start":{"line":11,"column":0},"end":{"line":11,"column":33}},"11":{"start":{"line":12,"column":0},"end":{"line":12,"column":47}},"12":{"start":{"line":13,"column":0},"end":{"line":13,"column":47}},"13":{"start":{"line":14,"column":0},"end":{"line":14,"column":41}},"14":{"start":{"line":15,"column":0},"end":{"line":15,"column":51}},"15":{"start":{"line":16,"column":0},"end":{"line":16,"column":0}},"16":{"start":{"line":17,"column":0},"end":{"line":17,"column":1}},"17":{"start":{"line":18,"column":0},"end":{"line":18,"column":0}},"18":{"start":{"line":19,"column":0},"end":{"line":19,"column":61}},"19":{"start":{"line":20,"column":0},"end":{"line":20,"column":33}},"20":{"start":{"line":21,"column":0},"end":{"line":21,"column":45}},"21":{"start":{"line":22,"column":0},"end":{"line":22,"column":45}},"22":{"start":{"line":23,"column":0},"end":{"line":23,"column":39}},"23":{"start":{"line":24,"column":0},"end":{"line":24,"column":49}},"24":{"start":{"line":25,"column":0},"end":{"line":25,"column":17}},"25":{"start":{"line":26,"column":0},"end":{"line":26,"column":118}},"26":{"start":{"line":27,"column":0},"end":{"line":27,"column":7}},"27":{"start":{"line":28,"column":0},"end":{"line":28,"column":47}},"28":{"start":{"line":29,"column":0},"end":{"line":29,"column":47}},"29":{"start":{"line":30,"column":0},"end":{"line":30,"column":51}},"30":{"start":{"line":31,"column":0},"end":{"line":31,"column":41}},"31":{"start":{"line":32,"column":0},"end":{"line":32,"column":4}},"32":{"start":{"line":33,"column":0},"end":{"line":33,"column":5}},"33":{"start":{"line":34,"column":0},"end":{"line":34,"column":61}},"34":{"start":{"line":35,"column":0},"end":{"line":35,"column":66}},"35":{"start":{"line":36,"column":0},"end":{"line":36,"column":43}},"36":{"start":{"line":37,"column":0},"end":{"line":37,"column":0}},"37":{"start":{"line":38,"column":0},"end":{"line":38,"column":46}},"38":{"start":{"line":39,"column":0},"end":{"line":39,"column":0}},"39":{"start":{"line":40,"column":0},"end":{"line":40,"column":35}},"40":{"start":{"line":41,"column":0},"end":{"line":41,"column":40}},"41":{"start":{"line":42,"column":0},"end":{"line":42,"column":30}},"42":{"start":{"line":43,"column":0},"end":{"line":43,"column":23}},"43":{"start":{"line":44,"column":0},"end":{"line":44,"column":36}},"44":{"start":{"line":45,"column":0},"end":{"line":45,"column":30}},"45":{"start":{"line":46,"column":0},"end":{"line":46,"column":28}},"46":{"start":{"line":47,"column":0},"end":{"line":47,"column":35}},"47":{"start":{"line":48,"column":0},"end":{"line":48,"column":42}},"48":{"start":{"line":49,"column":0},"end":{"line":49,"column":40}},"49":{"start":{"line":50,"column":0},"end":{"line":50,"column":41}},"50":{"start":{"line":51,"column":0},"end":{"line":51,"column":9}},"51":{"start":{"line":52,"column":0},"end":{"line":52,"column":0}},"52":{"start":{"line":53,"column":0},"end":{"line":53,"column":32}},"53":{"start":{"line":54,"column":0},"end":{"line":54,"column":22}},"54":{"start":{"line":55,"column":0},"end":{"line":55,"column":5}},"55":{"start":{"line":56,"column":0},"end":{"line":56,"column":20}},"56":{"start":{"line":57,"column":0},"end":{"line":57,"column":67}},"57":{"start":{"line":58,"column":0},"end":{"line":58,"column":59}},"58":{"start":{"line":59,"column":0},"end":{"line":59,"column":36}},"59":{"start":{"line":60,"column":0},"end":{"line":60,"column":75}},"60":{"start":{"line":61,"column":0},"end":{"line":61,"column":38}},"61":{"start":{"line":62,"column":0},"end":{"line":62,"column":49}},"62":{"start":{"line":63,"column":0},"end":{"line":63,"column":62}},"63":{"start":{"line":64,"column":0},"end":{"line":64,"column":89}},"64":{"start":{"line":65,"column":0},"end":{"line":65,"column":21}},"65":{"start":{"line":66,"column":0},"end":{"line":66,"column":17}},"66":{"start":{"line":67,"column":0},"end":{"line":67,"column":44}},"67":{"start":{"line":68,"column":0},"end":{"line":68,"column":59}},"68":{"start":{"line":69,"column":0},"end":{"line":69,"column":79}},"69":{"start":{"line":70,"column":0},"end":{"line":70,"column":21}},"70":{"start":{"line":71,"column":0},"end":{"line":71,"column":17}},"71":{"start":{"line":72,"column":0},"end":{"line":72,"column":31}},"72":{"start":{"line":73,"column":0},"end":{"line":73,"column":14}},"73":{"start":{"line":74,"column":0},"end":{"line":74,"column":27}},"74":{"start":{"line":75,"column":0},"end":{"line":75,"column":9}},"75":{"start":{"line":76,"column":0},"end":{"line":76,"column":8}},"76":{"start":{"line":77,"column":0},"end":{"line":77,"column":19}},"77":{"start":{"line":78,"column":0},"end":{"line":78,"column":5}},"78":{"start":{"line":79,"column":0},"end":{"line":79,"column":49}},"79":{"start":{"line":80,"column":0},"end":{"line":80,"column":78}},"80":{"start":{"line":81,"column":0},"end":{"line":81,"column":5}},"81":{"start":{"line":82,"column":0},"end":{"line":82,"column":72}},"82":{"start":{"line":83,"column":0},"end":{"line":83,"column":0}},"83":{"start":{"line":84,"column":0},"end":{"line":84,"column":55}},"84":{"start":{"line":85,"column":0},"end":{"line":85,"column":23}},"85":{"start":{"line":86,"column":0},"end":{"line":86,"column":45}},"86":{"start":{"line":87,"column":0},"end":{"line":87,"column":9}},"87":{"start":{"line":88,"column":0},"end":{"line":88,"column":8}},"88":{"start":{"line":89,"column":0},"end":{"line":89,"column":67}},"89":{"start":{"line":90,"column":0},"end":{"line":90,"column":33}},"90":{"start":{"line":91,"column":0},"end":{"line":91,"column":47}},"91":{"start":{"line":92,"column":0},"end":{"line":92,"column":9}},"92":{"start":{"line":93,"column":0},"end":{"line":93,"column":78}},"93":{"start":{"line":94,"column":0},"end":{"line":94,"column":24}},"94":{"start":{"line":95,"column":0},"end":{"line":95,"column":5}},"95":{"start":{"line":96,"column":0},"end":{"line":96,"column":87}},"96":{"start":{"line":97,"column":0},"end":{"line":97,"column":0}},"97":{"start":{"line":98,"column":0},"end":{"line":98,"column":55}},"98":{"start":{"line":99,"column":0},"end":{"line":99,"column":23}},"99":{"start":{"line":100,"column":0},"end":{"line":100,"column":45}},"100":{"start":{"line":101,"column":0},"end":{"line":101,"column":9}},"101":{"start":{"line":102,"column":0},"end":{"line":102,"column":8}},"102":{"start":{"line":103,"column":0},"end":{"line":103,"column":78}},"103":{"start":{"line":104,"column":0},"end":{"line":104,"column":24}},"104":{"start":{"line":105,"column":0},"end":{"line":105,"column":8}},"105":{"start":{"line":106,"column":0},"end":{"line":106,"column":5}},"106":{"start":{"line":107,"column":0},"end":{"line":107,"column":31}},"107":{"start":{"line":108,"column":0},"end":{"line":108,"column":67}},"108":{"start":{"line":109,"column":0},"end":{"line":109,"column":59}},"109":{"start":{"line":110,"column":0},"end":{"line":110,"column":69}},"110":{"start":{"line":111,"column":0},"end":{"line":111,"column":8}},"111":{"start":{"line":112,"column":0},"end":{"line":112,"column":33}},"112":{"start":{"line":113,"column":0},"end":{"line":113,"column":65}},"113":{"start":{"line":114,"column":0},"end":{"line":114,"column":45}},"114":{"start":{"line":115,"column":0},"end":{"line":115,"column":58}},"115":{"start":{"line":116,"column":0},"end":{"line":116,"column":104}},"116":{"start":{"line":117,"column":0},"end":{"line":117,"column":17}},"117":{"start":{"line":118,"column":0},"end":{"line":118,"column":13}},"118":{"start":{"line":119,"column":0},"end":{"line":119,"column":40}},"119":{"start":{"line":120,"column":0},"end":{"line":120,"column":55}},"120":{"start":{"line":121,"column":0},"end":{"line":121,"column":105}},"121":{"start":{"line":122,"column":0},"end":{"line":122,"column":17}},"122":{"start":{"line":123,"column":0},"end":{"line":123,"column":13}},"123":{"start":{"line":124,"column":0},"end":{"line":124,"column":0}},"124":{"start":{"line":125,"column":0},"end":{"line":125,"column":27}},"125":{"start":{"line":126,"column":0},"end":{"line":126,"column":9}},"126":{"start":{"line":127,"column":0},"end":{"line":127,"column":8}},"127":{"start":{"line":128,"column":0},"end":{"line":128,"column":19}},"128":{"start":{"line":129,"column":0},"end":{"line":129,"column":5}},"129":{"start":{"line":130,"column":0},"end":{"line":130,"column":0}},"130":{"start":{"line":131,"column":0},"end":{"line":131,"column":35}},"131":{"start":{"line":132,"column":0},"end":{"line":132,"column":8}},"132":{"start":{"line":133,"column":0},"end":{"line":133,"column":75}},"133":{"start":{"line":134,"column":0},"end":{"line":134,"column":23}},"134":{"start":{"line":135,"column":0},"end":{"line":135,"column":23}},"135":{"start":{"line":136,"column":0},"end":{"line":136,"column":9}},"136":{"start":{"line":137,"column":0},"end":{"line":137,"column":84}},"137":{"start":{"line":138,"column":0},"end":{"line":138,"column":76}},"138":{"start":{"line":139,"column":0},"end":{"line":139,"column":85}},"139":{"start":{"line":140,"column":0},"end":{"line":140,"column":86}},"140":{"start":{"line":141,"column":0},"end":{"line":141,"column":35}},"141":{"start":{"line":142,"column":0},"end":{"line":142,"column":23}},"142":{"start":{"line":143,"column":0},"end":{"line":143,"column":9}},"143":{"start":{"line":144,"column":0},"end":{"line":144,"column":16}},"144":{"start":{"line":145,"column":0},"end":{"line":145,"column":23}},"145":{"start":{"line":146,"column":0},"end":{"line":146,"column":23}},"146":{"start":{"line":147,"column":0},"end":{"line":147,"column":43}},"147":{"start":{"line":148,"column":0},"end":{"line":148,"column":14}},"148":{"start":{"line":149,"column":0},"end":{"line":149,"column":43}},"149":{"start":{"line":150,"column":0},"end":{"line":150,"column":35}},"150":{"start":{"line":151,"column":0},"end":{"line":151,"column":22}},"151":{"start":{"line":152,"column":0},"end":{"line":152,"column":35}},"152":{"start":{"line":153,"column":0},"end":{"line":153,"column":38}},"153":{"start":{"line":154,"column":0},"end":{"line":154,"column":13}},"154":{"start":{"line":155,"column":0},"end":{"line":155,"column":9}},"155":{"start":{"line":156,"column":0},"end":{"line":156,"column":5}},"156":{"start":{"line":157,"column":0},"end":{"line":157,"column":30}},"157":{"start":{"line":158,"column":0},"end":{"line":158,"column":36}},"158":{"start":{"line":159,"column":0},"end":{"line":159,"column":25}},"159":{"start":{"line":160,"column":0},"end":{"line":160,"column":21}},"160":{"start":{"line":161,"column":0},"end":{"line":161,"column":9}},"161":{"start":{"line":162,"column":0},"end":{"line":162,"column":27}},"162":{"start":{"line":163,"column":0},"end":{"line":163,"column":40}},"163":{"start":{"line":164,"column":0},"end":{"line":164,"column":88}},"164":{"start":{"line":165,"column":0},"end":{"line":165,"column":80}},"165":{"start":{"line":166,"column":0},"end":{"line":166,"column":89}},"166":{"start":{"line":167,"column":0},"end":{"line":167,"column":90}},"167":{"start":{"line":168,"column":0},"end":{"line":168,"column":43}},"168":{"start":{"line":169,"column":0},"end":{"line":169,"column":27}},"169":{"start":{"line":170,"column":0},"end":{"line":170,"column":27}},"170":{"start":{"line":171,"column":0},"end":{"line":171,"column":27}},"171":{"start":{"line":172,"column":0},"end":{"line":172,"column":47}},"172":{"start":{"line":173,"column":0},"end":{"line":173,"column":18}},"173":{"start":{"line":174,"column":0},"end":{"line":174,"column":47}},"174":{"start":{"line":175,"column":0},"end":{"line":175,"column":39}},"175":{"start":{"line":176,"column":0},"end":{"line":176,"column":26}},"176":{"start":{"line":177,"column":0},"end":{"line":177,"column":39}},"177":{"start":{"line":178,"column":0},"end":{"line":178,"column":42}},"178":{"start":{"line":179,"column":0},"end":{"line":179,"column":17}},"179":{"start":{"line":180,"column":0},"end":{"line":180,"column":14}},"180":{"start":{"line":181,"column":0},"end":{"line":181,"column":9}},"181":{"start":{"line":182,"column":0},"end":{"line":182,"column":23}},"182":{"start":{"line":183,"column":0},"end":{"line":183,"column":5}},"183":{"start":{"line":184,"column":0},"end":{"line":184,"column":43}},"184":{"start":{"line":185,"column":0},"end":{"line":185,"column":76}},"185":{"start":{"line":186,"column":0},"end":{"line":186,"column":39}},"186":{"start":{"line":187,"column":0},"end":{"line":187,"column":0}},"187":{"start":{"line":188,"column":0},"end":{"line":188,"column":98}},"188":{"start":{"line":189,"column":0},"end":{"line":189,"column":25}},"189":{"start":{"line":190,"column":0},"end":{"line":190,"column":21}},"190":{"start":{"line":191,"column":0},"end":{"line":191,"column":9}},"191":{"start":{"line":192,"column":0},"end":{"line":192,"column":27}},"192":{"start":{"line":193,"column":0},"end":{"line":193,"column":40}},"193":{"start":{"line":194,"column":0},"end":{"line":194,"column":88}},"194":{"start":{"line":195,"column":0},"end":{"line":195,"column":89}},"195":{"start":{"line":196,"column":0},"end":{"line":196,"column":90}},"196":{"start":{"line":197,"column":0},"end":{"line":197,"column":43}},"197":{"start":{"line":198,"column":0},"end":{"line":198,"column":27}},"198":{"start":{"line":199,"column":0},"end":{"line":199,"column":27}},"199":{"start":{"line":200,"column":0},"end":{"line":200,"column":27}},"200":{"start":{"line":201,"column":0},"end":{"line":201,"column":54}},"201":{"start":{"line":202,"column":0},"end":{"line":202,"column":18}},"202":{"start":{"line":203,"column":0},"end":{"line":203,"column":47}},"203":{"start":{"line":204,"column":0},"end":{"line":204,"column":39}},"204":{"start":{"line":205,"column":0},"end":{"line":205,"column":26}},"205":{"start":{"line":206,"column":0},"end":{"line":206,"column":39}},"206":{"start":{"line":207,"column":0},"end":{"line":207,"column":42}},"207":{"start":{"line":208,"column":0},"end":{"line":208,"column":17}},"208":{"start":{"line":209,"column":0},"end":{"line":209,"column":14}},"209":{"start":{"line":210,"column":0},"end":{"line":210,"column":9}},"210":{"start":{"line":211,"column":0},"end":{"line":211,"column":23}},"211":{"start":{"line":212,"column":0},"end":{"line":212,"column":5}},"212":{"start":{"line":213,"column":0},"end":{"line":213,"column":92}},"213":{"start":{"line":214,"column":0},"end":{"line":214,"column":117}},"214":{"start":{"line":215,"column":0},"end":{"line":215,"column":23}},"215":{"start":{"line":216,"column":0},"end":{"line":216,"column":23}},"216":{"start":{"line":217,"column":0},"end":{"line":217,"column":9}},"217":{"start":{"line":218,"column":0},"end":{"line":218,"column":22}},"218":{"start":{"line":219,"column":0},"end":{"line":219,"column":5}},"219":{"start":{"line":220,"column":0},"end":{"line":220,"column":60}},"220":{"start":{"line":221,"column":0},"end":{"line":221,"column":8}},"221":{"start":{"line":222,"column":0},"end":{"line":222,"column":66}},"222":{"start":{"line":223,"column":0},"end":{"line":223,"column":43}},"223":{"start":{"line":224,"column":0},"end":{"line":224,"column":0}},"224":{"start":{"line":225,"column":0},"end":{"line":225,"column":75}},"225":{"start":{"line":226,"column":0},"end":{"line":226,"column":0}},"226":{"start":{"line":227,"column":0},"end":{"line":227,"column":46}},"227":{"start":{"line":228,"column":0},"end":{"line":228,"column":0}},"228":{"start":{"line":229,"column":0},"end":{"line":229,"column":35}},"229":{"start":{"line":230,"column":0},"end":{"line":230,"column":40}},"230":{"start":{"line":231,"column":0},"end":{"line":231,"column":23}},"231":{"start":{"line":232,"column":0},"end":{"line":232,"column":30}},"232":{"start":{"line":233,"column":0},"end":{"line":233,"column":30}},"233":{"start":{"line":234,"column":0},"end":{"line":234,"column":36}},"234":{"start":{"line":235,"column":0},"end":{"line":235,"column":28}},"235":{"start":{"line":236,"column":0},"end":{"line":236,"column":35}},"236":{"start":{"line":237,"column":0},"end":{"line":237,"column":42}},"237":{"start":{"line":238,"column":0},"end":{"line":238,"column":40}},"238":{"start":{"line":239,"column":0},"end":{"line":239,"column":41}},"239":{"start":{"line":240,"column":0},"end":{"line":240,"column":9}},"240":{"start":{"line":241,"column":0},"end":{"line":241,"column":32}},"241":{"start":{"line":242,"column":0},"end":{"line":242,"column":22}},"242":{"start":{"line":243,"column":0},"end":{"line":243,"column":5}},"243":{"start":{"line":244,"column":0},"end":{"line":244,"column":1}}},"s":{"0":1,"1":1,"2":1,"3":1,"4":1,"5":1,"6":1,"7":1,"8":1,"9":1,"10":1,"11":1,"12":1,"13":1,"14":1,"15":1,"16":1,"17":1,"18":1,"19":1,"20":1,"21":1,"22":1,"23":1,"24":1,"25":54,"26":54,"27":54,"28":54,"29":54,"30":54,"31":54,"32":54,"33":1,"34":29,"35":29,"36":29,"37":29,"38":29,"39":29,"40":29,"41":29,"42":29,"43":29,"44":29,"45":29,"46":29,"47":29,"48":29,"49":29,"50":29,"51":29,"52":29,"53":29,"54":29,"55":1,"56":1,"57":1,"58":1,"59":1,"60":1,"61":1,"62":1,"63":1,"64":1,"65":1,"66":1,"67":0,"68":0,"69":0,"70":0,"71":1,"72":1,"73":1,"74":1,"75":0,"76":0,"77":1,"78":1,"79":1,"80":1,"81":1,"82":1,"83":1,"84":1,"85":0,"86":0,"87":1,"88":1,"89":1,"90":0,"91":0,"92":1,"93":1,"94":1,"95":1,"96":1,"97":1,"98":1,"99":0,"100":0,"101":1,"102":1,"103":1,"104":1,"105":1,"106":1,"107":13,"108":13,"109":13,"110":13,"111":13,"112":11,"113":11,"114":2,"115":2,"116":2,"117":2,"118":11,"119":4,"120":3,"121":3,"122":4,"123":11,"124":11,"125":11,"126":2,"127":2,"128":13,"129":1,"130":1,"131":3,"132":3,"133":3,"134":1,"135":1,"136":2,"137":2,"138":2,"139":2,"140":3,"141":0,"142":0,"143":2,"144":2,"145":2,"146":2,"147":2,"148":3,"149":3,"150":3,"151":3,"152":3,"153":3,"154":3,"155":3,"156":1,"157":1,"158":1,"159":0,"160":0,"161":1,"162":1,"163":1,"164":1,"165":1,"166":1,"167":1,"168":1,"169":1,"170":1,"171":1,"172":1,"173":1,"174":1,"175":1,"176":1,"177":1,"178":1,"179":1,"180":1,"181":1,"182":1,"183":1,"184":1,"185":1,"186":1,"187":1,"188":1,"189":0,"190":0,"191":1,"192":1,"193":1,"194":1,"195":1,"196":1,"197":0,"198":0,"199":0,"200":0,"201":0,"202":0,"203":1,"204":1,"205":1,"206":1,"207":1,"208":1,"209":1,"210":1,"211":1,"212":1,"213":4,"214":4,"215":2,"216":2,"217":2,"218":4,"219":1,"220":1,"221":1,"222":1,"223":1,"224":1,"225":1,"226":1,"227":1,"228":1,"229":1,"230":1,"231":1,"232":1,"233":1,"234":1,"235":1,"236":1,"237":1,"238":1,"239":1,"240":1,"241":1,"242":1,"243":1},"branchMap":{"0":{"type":"branch","line":25,"loc":{"start":{"line":25,"column":4},"end":{"line":33,"column":5}},"locations":[{"start":{"line":25,"column":4},"end":{"line":33,"column":5}}]},"1":{"type":"branch","line":34,"loc":{"start":{"line":34,"column":4},"end":{"line":55,"column":5}},"locations":[{"start":{"line":34,"column":4},"end":{"line":55,"column":5}}]},"2":{"type":"branch","line":38,"loc":{"start":{"line":38,"column":29},"end":{"line":38,"column":46}},"locations":[{"start":{"line":38,"column":29},"end":{"line":38,"column":46}}]},"3":{"type":"branch","line":41,"loc":{"start":{"line":41,"column":21},"end":{"line":41,"column":40}},"locations":[{"start":{"line":41,"column":21},"end":{"line":41,"column":40}}]},"4":{"type":"branch","line":50,"loc":{"start":{"line":50,"column":24},"end":{"line":50,"column":41}},"locations":[{"start":{"line":50,"column":24},"end":{"line":50,"column":41}}]},"5":{"type":"branch","line":56,"loc":{"start":{"line":56,"column":4},"end":{"line":78,"column":5}},"locations":[{"start":{"line":56,"column":4},"end":{"line":78,"column":5}}]},"6":{"type":"branch","line":75,"loc":{"start":{"line":75,"column":8},"end":{"line":77,"column":19}},"locations":[{"start":{"line":75,"column":8},"end":{"line":77,"column":19}}]},"7":{"type":"branch","line":60,"loc":{"start":{"line":60,"column":63},"end":{"line":73,"column":13}},"locations":[{"start":{"line":60,"column":63},"end":{"line":73,"column":13}}]},"8":{"type":"branch","line":67,"loc":{"start":{"line":67,"column":43},"end":{"line":71,"column":17}},"locations":[{"start":{"line":67,"column":43},"end":{"line":71,"column":17}}]},"9":{"type":"branch","line":79,"loc":{"start":{"line":79,"column":4},"end":{"line":81,"column":5}},"locations":[{"start":{"line":79,"column":4},"end":{"line":81,"column":5}}]},"10":{"type":"branch","line":80,"loc":{"start":{"line":80,"column":33},"end":{"line":80,"column":77}},"locations":[{"start":{"line":80,"column":33},"end":{"line":80,"column":77}}]},"11":{"type":"branch","line":82,"loc":{"start":{"line":82,"column":4},"end":{"line":95,"column":5}},"locations":[{"start":{"line":82,"column":4},"end":{"line":95,"column":5}}]},"12":{"type":"branch","line":85,"loc":{"start":{"line":85,"column":22},"end":{"line":87,"column":9}},"locations":[{"start":{"line":85,"column":22},"end":{"line":87,"column":9}}]},"13":{"type":"branch","line":90,"loc":{"start":{"line":90,"column":32},"end":{"line":92,"column":9}},"locations":[{"start":{"line":90,"column":32},"end":{"line":92,"column":9}}]},"14":{"type":"branch","line":93,"loc":{"start":{"line":93,"column":39},"end":{"line":93,"column":77}},"locations":[{"start":{"line":93,"column":39},"end":{"line":93,"column":77}}]},"15":{"type":"branch","line":96,"loc":{"start":{"line":96,"column":4},"end":{"line":106,"column":5}},"locations":[{"start":{"line":96,"column":4},"end":{"line":106,"column":5}}]},"16":{"type":"branch","line":99,"loc":{"start":{"line":99,"column":22},"end":{"line":101,"column":9}},"locations":[{"start":{"line":99,"column":22},"end":{"line":101,"column":9}}]},"17":{"type":"branch","line":103,"loc":{"start":{"line":103,"column":39},"end":{"line":103,"column":77}},"locations":[{"start":{"line":103,"column":39},"end":{"line":103,"column":77}}]},"18":{"type":"branch","line":107,"loc":{"start":{"line":107,"column":4},"end":{"line":129,"column":5}},"locations":[{"start":{"line":107,"column":4},"end":{"line":129,"column":5}}]},"19":{"type":"branch","line":112,"loc":{"start":{"line":112,"column":32},"end":{"line":126,"column":9}},"locations":[{"start":{"line":112,"column":32},"end":{"line":126,"column":9}}]},"20":{"type":"branch","line":114,"loc":{"start":{"line":114,"column":44},"end":{"line":118,"column":13}},"locations":[{"start":{"line":114,"column":44},"end":{"line":118,"column":13}}]},"21":{"type":"branch","line":119,"loc":{"start":{"line":119,"column":39},"end":{"line":123,"column":13}},"locations":[{"start":{"line":119,"column":39},"end":{"line":123,"column":13}}]},"22":{"type":"branch","line":120,"loc":{"start":{"line":120,"column":54},"end":{"line":122,"column":17}},"locations":[{"start":{"line":120,"column":54},"end":{"line":122,"column":17}}]},"23":{"type":"branch","line":126,"loc":{"start":{"line":126,"column":8},"end":{"line":128,"column":19}},"locations":[{"start":{"line":126,"column":8},"end":{"line":128,"column":19}}]},"24":{"type":"branch","line":110,"loc":{"start":{"line":110,"column":40},"end":{"line":110,"column":68}},"locations":[{"start":{"line":110,"column":40},"end":{"line":110,"column":68}}]},"25":{"type":"branch","line":131,"loc":{"start":{"line":131,"column":4},"end":{"line":156,"column":5}},"locations":[{"start":{"line":131,"column":4},"end":{"line":156,"column":5}}]},"26":{"type":"branch","line":134,"loc":{"start":{"line":134,"column":22},"end":{"line":141,"column":34}},"locations":[{"start":{"line":134,"column":22},"end":{"line":141,"column":34}}]},"27":{"type":"branch","line":134,"loc":{"start":{"line":134,"column":22},"end":{"line":136,"column":9}},"locations":[{"start":{"line":134,"column":22},"end":{"line":136,"column":9}}]},"28":{"type":"branch","line":141,"loc":{"start":{"line":141,"column":34},"end":{"line":143,"column":9}},"locations":[{"start":{"line":141,"column":34},"end":{"line":143,"column":9}}]},"29":{"type":"branch","line":143,"loc":{"start":{"line":143,"column":8},"end":{"line":149,"column":40}},"locations":[{"start":{"line":143,"column":8},"end":{"line":149,"column":40}}]},"30":{"type":"branch","line":149,"loc":{"start":{"line":149,"column":25},"end":{"line":149,"column":43}},"locations":[{"start":{"line":149,"column":25},"end":{"line":149,"column":43}}]},"31":{"type":"branch","line":150,"loc":{"start":{"line":150,"column":21},"end":{"line":150,"column":35}},"locations":[{"start":{"line":150,"column":21},"end":{"line":150,"column":35}}]},"32":{"type":"branch","line":133,"loc":{"start":{"line":133,"column":40},"end":{"line":133,"column":74}},"locations":[{"start":{"line":133,"column":40},"end":{"line":133,"column":74}}]},"33":{"type":"branch","line":157,"loc":{"start":{"line":157,"column":4},"end":{"line":183,"column":5}},"locations":[{"start":{"line":157,"column":4},"end":{"line":183,"column":5}}]},"34":{"type":"branch","line":159,"loc":{"start":{"line":159,"column":24},"end":{"line":161,"column":9}},"locations":[{"start":{"line":159,"column":24},"end":{"line":161,"column":9}}]},"35":{"type":"branch","line":168,"loc":{"start":{"line":168,"column":38},"end":{"line":168,"column":43}},"locations":[{"start":{"line":168,"column":38},"end":{"line":168,"column":43}}]},"36":{"type":"branch","line":174,"loc":{"start":{"line":174,"column":29},"end":{"line":174,"column":47}},"locations":[{"start":{"line":174,"column":29},"end":{"line":174,"column":47}}]},"37":{"type":"branch","line":184,"loc":{"start":{"line":184,"column":4},"end":{"line":212,"column":5}},"locations":[{"start":{"line":184,"column":4},"end":{"line":212,"column":5}}]},"38":{"type":"branch","line":186,"loc":{"start":{"line":186,"column":30},"end":{"line":186,"column":39}},"locations":[{"start":{"line":186,"column":30},"end":{"line":186,"column":39}}]},"39":{"type":"branch","line":189,"loc":{"start":{"line":189,"column":24},"end":{"line":191,"column":9}},"locations":[{"start":{"line":189,"column":24},"end":{"line":191,"column":9}}]},"40":{"type":"branch","line":197,"loc":{"start":{"line":197,"column":16},"end":{"line":197,"column":38}},"locations":[{"start":{"line":197,"column":16},"end":{"line":197,"column":38}}]},"41":{"type":"branch","line":197,"loc":{"start":{"line":197,"column":38},"end":{"line":203,"column":47}},"locations":[{"start":{"line":197,"column":38},"end":{"line":203,"column":47}}]},"42":{"type":"branch","line":204,"loc":{"start":{"line":204,"column":25},"end":{"line":204,"column":39}},"locations":[{"start":{"line":204,"column":25},"end":{"line":204,"column":39}}]},"43":{"type":"branch","line":188,"loc":{"start":{"line":188,"column":44},"end":{"line":188,"column":97}},"locations":[{"start":{"line":188,"column":44},"end":{"line":188,"column":97}}]},"44":{"type":"branch","line":213,"loc":{"start":{"line":213,"column":4},"end":{"line":219,"column":5}},"locations":[{"start":{"line":213,"column":4},"end":{"line":219,"column":5}}]},"45":{"type":"branch","line":215,"loc":{"start":{"line":215,"column":22},"end":{"line":218,"column":22}},"locations":[{"start":{"line":215,"column":22},"end":{"line":218,"column":22}}]},"46":{"type":"branch","line":214,"loc":{"start":{"line":214,"column":40},"end":{"line":214,"column":116}},"locations":[{"start":{"line":214,"column":40},"end":{"line":214,"column":116}}]},"47":{"type":"branch","line":214,"loc":{"start":{"line":214,"column":68},"end":{"line":214,"column":116}},"locations":[{"start":{"line":214,"column":68},"end":{"line":214,"column":116}}]},"48":{"type":"branch","line":220,"loc":{"start":{"line":220,"column":4},"end":{"line":243,"column":5}},"locations":[{"start":{"line":220,"column":4},"end":{"line":243,"column":5}}]},"49":{"type":"branch","line":227,"loc":{"start":{"line":227,"column":29},"end":{"line":227,"column":46}},"locations":[{"start":{"line":227,"column":29},"end":{"line":227,"column":46}}]},"50":{"type":"branch","line":230,"loc":{"start":{"line":230,"column":21},"end":{"line":230,"column":40}},"locations":[{"start":{"line":230,"column":21},"end":{"line":230,"column":40}}]},"51":{"type":"branch","line":239,"loc":{"start":{"line":239,"column":24},"end":{"line":239,"column":41}},"locations":[{"start":{"line":239,"column":24},"end":{"line":239,"column":41}}]},"52":{"type":"branch","line":225,"loc":{"start":{"line":225,"column":39},"end":{"line":225,"column":74}},"locations":[{"start":{"line":225,"column":39},"end":{"line":225,"column":74}}]}},"b":{"0":[54],"1":[29],"2":[0],"3":[26],"4":[28],"5":[1],"6":[0],"7":[1],"8":[0],"9":[1],"10":[1],"11":[1],"12":[0],"13":[0],"14":[1],"15":[1],"16":[0],"17":[1],"18":[13],"19":[11],"20":[2],"21":[4],"22":[3],"23":[2],"24":[11],"25":[3],"26":[2],"27":[1],"28":[0],"29":[2],"30":[0],"31":[2],"32":[2],"33":[1],"34":[0],"35":[0],"36":[0],"37":[1],"38":[0],"39":[0],"40":[0],"41":[0],"42":[0],"43":[1],"44":[4],"45":[2],"46":[4],"47":[3],"48":[1],"49":[0],"50":[0],"51":[0],"52":[1]},"fnMap":{"0":{"name":"InMemoryArticles","decl":{"start":{"line":25,"column":4},"end":{"line":33,"column":5}},"loc":{"start":{"line":25,"column":4},"end":{"line":33,"column":5}},"line":25},"1":{"name":"create","decl":{"start":{"line":34,"column":4},"end":{"line":55,"column":5}},"loc":{"start":{"line":34,"column":4},"end":{"line":55,"column":5}},"line":34},"2":{"name":"showAll","decl":{"start":{"line":56,"column":4},"end":{"line":78,"column":5}},"loc":{"start":{"line":56,"column":4},"end":{"line":78,"column":5}},"line":56},"3":{"name":"showAllByManagerId","decl":{"start":{"line":79,"column":4},"end":{"line":81,"column":5}},"loc":{"start":{"line":79,"column":4},"end":{"line":81,"column":5}},"line":79},"4":{"name":"delete","decl":{"start":{"line":82,"column":4},"end":{"line":95,"column":5}},"loc":{"start":{"line":82,"column":4},"end":{"line":95,"column":5}},"line":82},"5":{"name":"deleteByAdmin","decl":{"start":{"line":96,"column":4},"end":{"line":106,"column":5}},"loc":{"start":{"line":96,"column":4},"end":{"line":106,"column":5}},"line":96},"6":{"name":"findById","decl":{"start":{"line":107,"column":4},"end":{"line":129,"column":5}},"loc":{"start":{"line":107,"column":4},"end":{"line":129,"column":5}},"line":107},"7":{"name":"findBySlug","decl":{"start":{"line":131,"column":4},"end":{"line":156,"column":5}},"loc":{"start":{"line":131,"column":4},"end":{"line":156,"column":5}},"line":131},"8":{"name":"showAllForClients","decl":{"start":{"line":157,"column":4},"end":{"line":183,"column":5}},"loc":{"start":{"line":157,"column":4},"end":{"line":183,"column":5}},"line":157},"9":{"name":"findByCategory","decl":{"start":{"line":184,"column":4},"end":{"line":212,"column":5}},"loc":{"start":{"line":184,"column":4},"end":{"line":212,"column":5}},"line":184},"10":{"name":"findByArticleIdAndManagerId","decl":{"start":{"line":213,"column":4},"end":{"line":219,"column":5}},"loc":{"start":{"line":213,"column":4},"end":{"line":219,"column":5}},"line":213},"11":{"name":"update","decl":{"start":{"line":220,"column":4},"end":{"line":243,"column":5}},"loc":{"start":{"line":220,"column":4},"end":{"line":243,"column":5}},"line":220}},"f":{"0":54,"1":29,"2":1,"3":1,"4":1,"5":1,"6":13,"7":3,"8":1,"9":1,"10":4,"11":1}}
,"C:\\Users\\T-GAMER\\Desktop\\Meus Projetos\\nova-pagina-de-blog\\server\\src\\repository\\in-memory\\in-memory-categories.ts": {"path":"C:\\Users\\T-GAMER\\Desktop\\Meus Projetos\\nova-pagina-de-blog\\server\\src\\repository\\in-memory\\in-memory-categories.ts","all":false,"statementMap":{"0":{"start":{"line":1,"column":0},"end":{"line":1,"column":87}},"1":{"start":{"line":2,"column":0},"end":{"line":2,"column":52}},"2":{"start":{"line":3,"column":0},"end":{"line":3,"column":0}},"3":{"start":{"line":4,"column":0},"end":{"line":4,"column":0}},"4":{"start":{"line":5,"column":0},"end":{"line":5,"column":65}},"5":{"start":{"line":6,"column":0},"end":{"line":6,"column":35}},"6":{"start":{"line":7,"column":0},"end":{"line":7,"column":0}},"7":{"start":{"line":8,"column":0},"end":{"line":8,"column":54}},"8":{"start":{"line":9,"column":0},"end":{"line":9,"column":26}},"9":{"start":{"line":10,"column":0},"end":{"line":10,"column":41}},"10":{"start":{"line":11,"column":0},"end":{"line":11,"column":35}},"11":{"start":{"line":12,"column":0},"end":{"line":12,"column":9}},"12":{"start":{"line":13,"column":0},"end":{"line":13,"column":33}},"13":{"start":{"line":14,"column":0},"end":{"line":14,"column":23}},"14":{"start":{"line":15,"column":0},"end":{"line":15,"column":5}},"15":{"start":{"line":16,"column":0},"end":{"line":16,"column":4}},"16":{"start":{"line":17,"column":0},"end":{"line":17,"column":38}},"17":{"start":{"line":18,"column":0},"end":{"line":18,"column":76}},"18":{"start":{"line":19,"column":0},"end":{"line":19,"column":19}},"19":{"start":{"line":20,"column":0},"end":{"line":20,"column":23}},"20":{"start":{"line":21,"column":0},"end":{"line":21,"column":9}},"21":{"start":{"line":22,"column":0},"end":{"line":22,"column":19}},"22":{"start":{"line":23,"column":0},"end":{"line":23,"column":5}},"23":{"start":{"line":24,"column":0},"end":{"line":24,"column":32}},"24":{"start":{"line":25,"column":0},"end":{"line":25,"column":68}},"25":{"start":{"line":26,"column":0},"end":{"line":26,"column":19}},"26":{"start":{"line":27,"column":0},"end":{"line":27,"column":23}},"27":{"start":{"line":28,"column":0},"end":{"line":28,"column":9}},"28":{"start":{"line":29,"column":0},"end":{"line":29,"column":19}},"29":{"start":{"line":30,"column":0},"end":{"line":30,"column":5}},"30":{"start":{"line":31,"column":0},"end":{"line":31,"column":30}},"31":{"start":{"line":32,"column":0},"end":{"line":32,"column":24}},"32":{"start":{"line":33,"column":0},"end":{"line":33,"column":8}},"33":{"start":{"line":34,"column":0},"end":{"line":34,"column":5}},"34":{"start":{"line":35,"column":0},"end":{"line":35,"column":1}}},"s":{"0":1,"1":1,"2":1,"3":1,"4":1,"5":54,"6":1,"7":1,"8":20,"9":20,"10":20,"11":20,"12":20,"13":20,"14":20,"15":1,"16":1,"17":8,"18":8,"19":3,"20":3,"21":5,"22":8,"23":1,"24":4,"25":4,"26":0,"27":0,"28":4,"29":4,"30":1,"31":15,"32":15,"33":15,"34":1},"branchMap":{"0":{"type":"branch","line":5,"loc":{"start":{"line":5,"column":7},"end":{"line":6,"column":35}},"locations":[{"start":{"line":5,"column":7},"end":{"line":6,"column":35}}]},"1":{"type":"branch","line":8,"loc":{"start":{"line":8,"column":4},"end":{"line":15,"column":5}},"locations":[{"start":{"line":8,"column":4},"end":{"line":15,"column":5}}]},"2":{"type":"branch","line":10,"loc":{"start":{"line":10,"column":21},"end":{"line":10,"column":41}},"locations":[{"start":{"line":10,"column":21},"end":{"line":10,"column":41}}]},"3":{"type":"branch","line":17,"loc":{"start":{"line":17,"column":4},"end":{"line":23,"column":5}},"locations":[{"start":{"line":17,"column":4},"end":{"line":23,"column":5}}]},"4":{"type":"branch","line":19,"loc":{"start":{"line":19,"column":18},"end":{"line":21,"column":9}},"locations":[{"start":{"line":19,"column":18},"end":{"line":21,"column":9}}]},"5":{"type":"branch","line":21,"loc":{"start":{"line":21,"column":8},"end":{"line":22,"column":19}},"locations":[{"start":{"line":21,"column":8},"end":{"line":22,"column":19}}]},"6":{"type":"branch","line":18,"loc":{"start":{"line":18,"column":37},"end":{"line":18,"column":75}},"locations":[{"start":{"line":18,"column":37},"end":{"line":18,"column":75}}]},"7":{"type":"branch","line":24,"loc":{"start":{"line":24,"column":4},"end":{"line":30,"column":5}},"locations":[{"start":{"line":24,"column":4},"end":{"line":30,"column":5}}]},"8":{"type":"branch","line":26,"loc":{"start":{"line":26,"column":18},"end":{"line":28,"column":9}},"locations":[{"start":{"line":26,"column":18},"end":{"line":28,"column":9}}]},"9":{"type":"branch","line":25,"loc":{"start":{"line":25,"column":37},"end":{"line":25,"column":67}},"locations":[{"start":{"line":25,"column":37},"end":{"line":25,"column":67}}]},"10":{"type":"branch","line":31,"loc":{"start":{"line":31,"column":4},"end":{"line":34,"column":5}},"locations":[{"start":{"line":31,"column":4},"end":{"line":34,"column":5}}]}},"b":{"0":[54],"1":[20],"2":[9],"3":[8],"4":[3],"5":[5],"6":[6],"7":[4],"8":[0],"9":[4],"10":[15]},"fnMap":{"0":{"name":"InMemoryCategories","decl":{"start":{"line":5,"column":7},"end":{"line":6,"column":35}},"loc":{"start":{"line":5,"column":7},"end":{"line":6,"column":35}},"line":5},"1":{"name":"create","decl":{"start":{"line":8,"column":4},"end":{"line":15,"column":5}},"loc":{"start":{"line":8,"column":4},"end":{"line":15,"column":5}},"line":8},"2":{"name":"findCategory","decl":{"start":{"line":17,"column":4},"end":{"line":23,"column":5}},"loc":{"start":{"line":17,"column":4},"end":{"line":23,"column":5}},"line":17},"3":{"name":"findById","decl":{"start":{"line":24,"column":4},"end":{"line":30,"column":5}},"loc":{"start":{"line":24,"column":4},"end":{"line":30,"column":5}},"line":24},"4":{"name":"getAllCategories","decl":{"start":{"line":31,"column":4},"end":{"line":34,"column":5}},"loc":{"start":{"line":31,"column":4},"end":{"line":34,"column":5}},"line":31}},"f":{"0":54,"1":20,"2":8,"3":4,"4":15}}
,"C:\\Users\\T-GAMER\\Desktop\\Meus Projetos\\nova-pagina-de-blog\\server\\src\\repository\\in-memory\\in-memory-comments.ts": {"path":"C:\\Users\\T-GAMER\\Desktop\\Meus Projetos\\nova-pagina-de-blog\\server\\src\\repository\\in-memory\\in-memory-comments.ts","all":false,"statementMap":{"0":{"start":{"line":1,"column":0},"end":{"line":1,"column":87}},"1":{"start":{"line":2,"column":0},"end":{"line":2,"column":84}},"2":{"start":{"line":3,"column":0},"end":{"line":3,"column":81}},"3":{"start":{"line":4,"column":0},"end":{"line":4,"column":75}},"4":{"start":{"line":5,"column":0},"end":{"line":5,"column":167}},"5":{"start":{"line":6,"column":0},"end":{"line":6,"column":51}},"6":{"start":{"line":7,"column":0},"end":{"line":7,"column":0}},"7":{"start":{"line":8,"column":0},"end":{"line":8,"column":33}},"8":{"start":{"line":9,"column":0},"end":{"line":9,"column":42}},"9":{"start":{"line":10,"column":0},"end":{"line":10,"column":36}},"10":{"start":{"line":11,"column":0},"end":{"line":11,"column":0}},"11":{"start":{"line":12,"column":0},"end":{"line":12,"column":1}},"12":{"start":{"line":13,"column":0},"end":{"line":13,"column":61}},"13":{"start":{"line":14,"column":0},"end":{"line":14,"column":33}},"14":{"start":{"line":15,"column":0},"end":{"line":15,"column":40}},"15":{"start":{"line":16,"column":0},"end":{"line":16,"column":34}},"16":{"start":{"line":17,"column":0},"end":{"line":17,"column":17}},"17":{"start":{"line":18,"column":0},"end":{"line":18,"column":68}},"18":{"start":{"line":19,"column":0},"end":{"line":19,"column":7}},"19":{"start":{"line":20,"column":0},"end":{"line":20,"column":42}},"20":{"start":{"line":21,"column":0},"end":{"line":21,"column":36}},"21":{"start":{"line":22,"column":0},"end":{"line":22,"column":5}},"22":{"start":{"line":23,"column":0},"end":{"line":23,"column":61}},"23":{"start":{"line":24,"column":0},"end":{"line":24,"column":36}},"24":{"start":{"line":25,"column":0},"end":{"line":25,"column":41}},"25":{"start":{"line":26,"column":0},"end":{"line":26,"column":28}},"26":{"start":{"line":27,"column":0},"end":{"line":27,"column":46}},"27":{"start":{"line":28,"column":0},"end":{"line":28,"column":34}},"28":{"start":{"line":29,"column":0},"end":{"line":29,"column":34}},"29":{"start":{"line":30,"column":0},"end":{"line":30,"column":9}},"30":{"start":{"line":31,"column":0},"end":{"line":31,"column":33}},"31":{"start":{"line":32,"column":0},"end":{"line":32,"column":23}},"32":{"start":{"line":33,"column":0},"end":{"line":33,"column":5}},"33":{"start":{"line":34,"column":0},"end":{"line":34,"column":51}},"34":{"start":{"line":35,"column":0},"end":{"line":35,"column":8}},"35":{"start":{"line":36,"column":0},"end":{"line":36,"column":97}},"36":{"start":{"line":37,"column":0},"end":{"line":37,"column":23}},"37":{"start":{"line":38,"column":0},"end":{"line":38,"column":45}},"38":{"start":{"line":39,"column":0},"end":{"line":39,"column":9}},"39":{"start":{"line":40,"column":0},"end":{"line":40,"column":70}},"40":{"start":{"line":41,"column":0},"end":{"line":41,"column":22}},"41":{"start":{"line":42,"column":0},"end":{"line":42,"column":5}},"42":{"start":{"line":43,"column":0},"end":{"line":43,"column":31}},"43":{"start":{"line":44,"column":0},"end":{"line":44,"column":8}},"44":{"start":{"line":45,"column":0},"end":{"line":45,"column":72}},"45":{"start":{"line":46,"column":0},"end":{"line":46,"column":24}},"46":{"start":{"line":47,"column":0},"end":{"line":47,"column":23}},"47":{"start":{"line":48,"column":0},"end":{"line":48,"column":9}},"48":{"start":{"line":49,"column":0},"end":{"line":49,"column":23}},"49":{"start":{"line":50,"column":0},"end":{"line":50,"column":5}},"50":{"start":{"line":51,"column":0},"end":{"line":51,"column":0}},"51":{"start":{"line":52,"column":0},"end":{"line":52,"column":47}},"52":{"start":{"line":53,"column":0},"end":{"line":53,"column":64}},"53":{"start":{"line":54,"column":0},"end":{"line":54,"column":51}},"54":{"start":{"line":55,"column":0},"end":{"line":55,"column":0}},"55":{"start":{"line":56,"column":0},"end":{"line":56,"column":20}},"56":{"start":{"line":57,"column":0},"end":{"line":57,"column":100}},"57":{"start":{"line":58,"column":0},"end":{"line":58,"column":42}},"58":{"start":{"line":59,"column":0},"end":{"line":59,"column":71}},"59":{"start":{"line":60,"column":0},"end":{"line":60,"column":31}},"60":{"start":{"line":61,"column":0},"end":{"line":61,"column":27}},"61":{"start":{"line":62,"column":0},"end":{"line":62,"column":27}},"62":{"start":{"line":63,"column":0},"end":{"line":63,"column":40}},"63":{"start":{"line":64,"column":0},"end":{"line":64,"column":41}},"64":{"start":{"line":65,"column":0},"end":{"line":65,"column":22}},"65":{"start":{"line":66,"column":0},"end":{"line":66,"column":30}},"66":{"start":{"line":67,"column":0},"end":{"line":67,"column":39}},"67":{"start":{"line":68,"column":0},"end":{"line":68,"column":43}},"68":{"start":{"line":69,"column":0},"end":{"line":69,"column":45}},"69":{"start":{"line":70,"column":0},"end":{"line":70,"column":35}},"70":{"start":{"line":71,"column":0},"end":{"line":71,"column":63}},"71":{"start":{"line":72,"column":0},"end":{"line":72,"column":25}},"72":{"start":{"line":73,"column":0},"end":{"line":73,"column":22}},"73":{"start":{"line":74,"column":0},"end":{"line":74,"column":39}},"74":{"start":{"line":75,"column":0},"end":{"line":75,"column":51}},"75":{"start":{"line":76,"column":0},"end":{"line":76,"column":51}},"76":{"start":{"line":77,"column":0},"end":{"line":77,"column":35}},"77":{"start":{"line":78,"column":0},"end":{"line":78,"column":44}},"78":{"start":{"line":79,"column":0},"end":{"line":79,"column":18}},"79":{"start":{"line":80,"column":0},"end":{"line":80,"column":13}},"80":{"start":{"line":81,"column":0},"end":{"line":81,"column":23}},"81":{"start":{"line":82,"column":0},"end":{"line":82,"column":9}},"82":{"start":{"line":83,"column":0},"end":{"line":83,"column":19}},"83":{"start":{"line":84,"column":0},"end":{"line":84,"column":5}},"84":{"start":{"line":85,"column":0},"end":{"line":85,"column":60}},"85":{"start":{"line":86,"column":0},"end":{"line":86,"column":55}},"86":{"start":{"line":87,"column":0},"end":{"line":87,"column":8}},"87":{"start":{"line":88,"column":0},"end":{"line":88,"column":19}},"88":{"start":{"line":89,"column":0},"end":{"line":89,"column":47}},"89":{"start":{"line":90,"column":0},"end":{"line":90,"column":9}},"90":{"start":{"line":91,"column":0},"end":{"line":91,"column":91}},"91":{"start":{"line":92,"column":0},"end":{"line":92,"column":23}},"92":{"start":{"line":93,"column":0},"end":{"line":93,"column":49}},"93":{"start":{"line":94,"column":0},"end":{"line":94,"column":9}},"94":{"start":{"line":95,"column":0},"end":{"line":95,"column":49}},"95":{"start":{"line":96,"column":0},"end":{"line":96,"column":22}},"96":{"start":{"line":97,"column":0},"end":{"line":97,"column":5}},"97":{"start":{"line":98,"column":0},"end":{"line":98,"column":1}}},"s":{"0":1,"1":1,"2":1,"3":1,"4":1,"5":1,"6":1,"7":1,"8":1,"9":1,"10":1,"11":1,"12":1,"13":1,"14":1,"15":1,"16":1,"17":54,"18":54,"19":54,"20":54,"21":54,"22":1,"23":8,"24":8,"25":8,"26":8,"27":8,"28":8,"29":8,"30":8,"31":8,"32":8,"33":1,"34":2,"35":2,"36":2,"37":0,"38":0,"39":2,"40":2,"41":2,"42":1,"43":0,"44":0,"45":0,"46":0,"47":0,"48":0,"49":0,"50":1,"51":1,"52":1,"53":1,"54":1,"55":1,"56":1,"57":1,"58":1,"59":1,"60":1,"61":1,"62":1,"63":1,"64":1,"65":1,"66":1,"67":1,"68":1,"69":1,"70":1,"71":1,"72":1,"73":1,"74":1,"75":1,"76":1,"77":1,"78":1,"79":1,"80":1,"81":1,"82":0,"83":1,"84":1,"85":3,"86":3,"87":3,"88":1,"89":1,"90":2,"91":3,"92":1,"93":1,"94":1,"95":1,"96":3,"97":1},"branchMap":{"0":{"type":"branch","line":17,"loc":{"start":{"line":17,"column":4},"end":{"line":22,"column":5}},"locations":[{"start":{"line":17,"column":4},"end":{"line":22,"column":5}}]},"1":{"type":"branch","line":23,"loc":{"start":{"line":23,"column":4},"end":{"line":33,"column":5}},"locations":[{"start":{"line":23,"column":4},"end":{"line":33,"column":5}}]},"2":{"type":"branch","line":27,"loc":{"start":{"line":27,"column":29},"end":{"line":27,"column":46}},"locations":[{"start":{"line":27,"column":29},"end":{"line":27,"column":46}}]},"3":{"type":"branch","line":34,"loc":{"start":{"line":34,"column":4},"end":{"line":42,"column":5}},"locations":[{"start":{"line":34,"column":4},"end":{"line":42,"column":5}}]},"4":{"type":"branch","line":37,"loc":{"start":{"line":37,"column":22},"end":{"line":39,"column":9}},"locations":[{"start":{"line":37,"column":22},"end":{"line":39,"column":9}}]},"5":{"type":"branch","line":36,"loc":{"start":{"line":36,"column":40},"end":{"line":36,"column":96}},"locations":[{"start":{"line":36,"column":40},"end":{"line":36,"column":96}}]},"6":{"type":"branch","line":40,"loc":{"start":{"line":40,"column":39},"end":{"line":40,"column":69}},"locations":[{"start":{"line":40,"column":39},"end":{"line":40,"column":69}}]},"7":{"type":"branch","line":52,"loc":{"start":{"line":52,"column":4},"end":{"line":84,"column":5}},"locations":[{"start":{"line":52,"column":4},"end":{"line":84,"column":5}}]},"8":{"type":"branch","line":60,"loc":{"start":{"line":60,"column":26},"end":{"line":60,"column":31}},"locations":[{"start":{"line":60,"column":26},"end":{"line":60,"column":31}}]},"9":{"type":"branch","line":82,"loc":{"start":{"line":82,"column":8},"end":{"line":83,"column":19}},"locations":[{"start":{"line":82,"column":8},"end":{"line":83,"column":19}}]},"10":{"type":"branch","line":57,"loc":{"start":{"line":57,"column":53},"end":{"line":57,"column":99}},"locations":[{"start":{"line":57,"column":53},"end":{"line":57,"column":99}}]},"11":{"type":"branch","line":85,"loc":{"start":{"line":85,"column":4},"end":{"line":97,"column":5}},"locations":[{"start":{"line":85,"column":4},"end":{"line":97,"column":5}}]},"12":{"type":"branch","line":88,"loc":{"start":{"line":88,"column":18},"end":{"line":90,"column":9}},"locations":[{"start":{"line":88,"column":18},"end":{"line":90,"column":9}}]},"13":{"type":"branch","line":90,"loc":{"start":{"line":90,"column":8},"end":{"line":92,"column":22}},"locations":[{"start":{"line":90,"column":8},"end":{"line":92,"column":22}}]},"14":{"type":"branch","line":92,"loc":{"start":{"line":92,"column":22},"end":{"line":96,"column":22}},"locations":[{"start":{"line":92,"column":22},"end":{"line":96,"column":22}}]},"15":{"type":"branch","line":91,"loc":{"start":{"line":91,"column":40},"end":{"line":91,"column":90}},"locations":[{"start":{"line":91,"column":40},"end":{"line":91,"column":90}}]},"16":{"type":"branch","line":95,"loc":{"start":{"line":95,"column":26},"end":{"line":95,"column":48}},"locations":[{"start":{"line":95,"column":26},"end":{"line":95,"column":48}}]}},"b":{"0":[54],"1":[8],"2":[0],"3":[2],"4":[0],"5":[2],"6":[2],"7":[1],"8":[0],"9":[0],"10":[1],"11":[3],"12":[1],"13":[2],"14":[1],"15":[2],"16":[1]},"fnMap":{"0":{"name":"InMemoryComments","decl":{"start":{"line":17,"column":4},"end":{"line":22,"column":5}},"loc":{"start":{"line":17,"column":4},"end":{"line":22,"column":5}},"line":17},"1":{"name":"create","decl":{"start":{"line":23,"column":4},"end":{"line":33,"column":5}},"loc":{"start":{"line":23,"column":4},"end":{"line":33,"column":5}},"line":23},"2":{"name":"delete","decl":{"start":{"line":34,"column":4},"end":{"line":42,"column":5}},"loc":{"start":{"line":34,"column":4},"end":{"line":42,"column":5}},"line":34},"3":{"name":"findById","decl":{"start":{"line":43,"column":4},"end":{"line":50,"column":5}},"loc":{"start":{"line":43,"column":4},"end":{"line":50,"column":5}},"line":43},"4":{"name":"findByArticleId","decl":{"start":{"line":52,"column":4},"end":{"line":84,"column":5}},"loc":{"start":{"line":52,"column":4},"end":{"line":84,"column":5}},"line":52},"5":{"name":"deleteByUser","decl":{"start":{"line":85,"column":4},"end":{"line":97,"column":5}},"loc":{"start":{"line":85,"column":4},"end":{"line":97,"column":5}},"line":85}},"f":{"0":54,"1":8,"2":2,"3":0,"4":1,"5":3}}
,"C:\\Users\\T-GAMER\\Desktop\\Meus Projetos\\nova-pagina-de-blog\\server\\src\\repository\\in-memory\\in-memory-credits.ts": {"path":"C:\\Users\\T-GAMER\\Desktop\\Meus Projetos\\nova-pagina-de-blog\\server\\src\\repository\\in-memory\\in-memory-credits.ts","all":false,"statementMap":{"0":{"start":{"line":1,"column":0},"end":{"line":1,"column":81}},"1":{"start":{"line":2,"column":0},"end":{"line":2,"column":49}},"2":{"start":{"line":3,"column":0},"end":{"line":3,"column":0}},"3":{"start":{"line":4,"column":0},"end":{"line":4,"column":0}},"4":{"start":{"line":5,"column":0},"end":{"line":5,"column":59}},"5":{"start":{"line":6,"column":0},"end":{"line":6,"column":32}},"6":{"start":{"line":7,"column":0},"end":{"line":7,"column":0}},"7":{"start":{"line":8,"column":0},"end":{"line":8,"column":60}},"8":{"start":{"line":9,"column":0},"end":{"line":9,"column":25}},"9":{"start":{"line":10,"column":0},"end":{"line":10,"column":36}},"10":{"start":{"line":11,"column":0},"end":{"line":11,"column":28}},"11":{"start":{"line":12,"column":0},"end":{"line":12,"column":28}},"12":{"start":{"line":13,"column":0},"end":{"line":13,"column":47}},"13":{"start":{"line":14,"column":0},"end":{"line":14,"column":9}},"14":{"start":{"line":15,"column":0},"end":{"line":15,"column":32}},"15":{"start":{"line":16,"column":0},"end":{"line":16,"column":22}},"16":{"start":{"line":17,"column":0},"end":{"line":17,"column":5}},"17":{"start":{"line":18,"column":0},"end":{"line":18,"column":54}},"18":{"start":{"line":19,"column":0},"end":{"line":19,"column":85}},"19":{"start":{"line":20,"column":0},"end":{"line":20,"column":46}},"20":{"start":{"line":21,"column":0},"end":{"line":21,"column":23}},"21":{"start":{"line":22,"column":0},"end":{"line":22,"column":9}},"22":{"start":{"line":23,"column":0},"end":{"line":23,"column":78}},"23":{"start":{"line":24,"column":0},"end":{"line":24,"column":5}},"24":{"start":{"line":25,"column":0},"end":{"line":25,"column":4}},"25":{"start":{"line":26,"column":0},"end":{"line":26,"column":0}},"26":{"start":{"line":27,"column":0},"end":{"line":27,"column":1}}},"s":{"0":1,"1":1,"2":1,"3":1,"4":1,"5":54,"6":1,"7":1,"8":3,"9":3,"10":3,"11":3,"12":3,"13":3,"14":3,"15":3,"16":3,"17":1,"18":8,"19":8,"20":7,"21":7,"22":1,"23":8,"24":1,"25":1,"26":1},"branchMap":{"0":{"type":"branch","line":5,"loc":{"start":{"line":5,"column":7},"end":{"line":6,"column":32}},"locations":[{"start":{"line":5,"column":7},"end":{"line":6,"column":32}}]},"1":{"type":"branch","line":8,"loc":{"start":{"line":8,"column":4},"end":{"line":17,"column":5}},"locations":[{"start":{"line":8,"column":4},"end":{"line":17,"column":5}}]},"2":{"type":"branch","line":13,"loc":{"start":{"line":13,"column":29},"end":{"line":13,"column":47}},"locations":[{"start":{"line":13,"column":29},"end":{"line":13,"column":47}}]},"3":{"type":"branch","line":18,"loc":{"start":{"line":18,"column":4},"end":{"line":24,"column":5}},"locations":[{"start":{"line":18,"column":4},"end":{"line":24,"column":5}}]},"4":{"type":"branch","line":20,"loc":{"start":{"line":20,"column":45},"end":{"line":22,"column":9}},"locations":[{"start":{"line":20,"column":45},"end":{"line":22,"column":9}}]},"5":{"type":"branch","line":22,"loc":{"start":{"line":22,"column":8},"end":{"line":23,"column":78}},"locations":[{"start":{"line":22,"column":8},"end":{"line":23,"column":78}}]},"6":{"type":"branch","line":19,"loc":{"start":{"line":19,"column":42},"end":{"line":19,"column":84}},"locations":[{"start":{"line":19,"column":42},"end":{"line":19,"column":84}}]},"7":{"type":"branch","line":23,"loc":{"start":{"line":23,"column":27},"end":{"line":23,"column":77}},"locations":[{"start":{"line":23,"column":27},"end":{"line":23,"column":77}}]}},"b":{"0":[54],"1":[3],"2":[0],"3":[8],"4":[7],"5":[1],"6":[2],"7":[1]},"fnMap":{"0":{"name":"InMemoryCredits","decl":{"start":{"line":5,"column":7},"end":{"line":6,"column":32}},"loc":{"start":{"line":5,"column":7},"end":{"line":6,"column":32}},"line":5},"1":{"name":"create","decl":{"start":{"line":8,"column":4},"end":{"line":17,"column":5}},"loc":{"start":{"line":8,"column":4},"end":{"line":17,"column":5}},"line":8},"2":{"name":"findCreditsByArticleId","decl":{"start":{"line":18,"column":4},"end":{"line":24,"column":5}},"loc":{"start":{"line":18,"column":4},"end":{"line":24,"column":5}},"line":18}},"f":{"0":54,"1":3,"2":8}}
,"C:\\Users\\T-GAMER\\Desktop\\Meus Projetos\\nova-pagina-de-blog\\server\\src\\repository\\in-memory\\in-memory-database.ts": {"path":"C:\\Users\\T-GAMER\\Desktop\\Meus Projetos\\nova-pagina-de-blog\\server\\src\\repository\\in-memory\\in-memory-database.ts","all":false,"statementMap":{"0":{"start":{"line":1,"column":0},"end":{"line":1,"column":81}},"1":{"start":{"line":2,"column":0},"end":{"line":2,"column":90}},"2":{"start":{"line":3,"column":0},"end":{"line":3,"column":85}},"3":{"start":{"line":4,"column":0},"end":{"line":4,"column":81}},"4":{"start":{"line":5,"column":0},"end":{"line":5,"column":79}},"5":{"start":{"line":6,"column":0},"end":{"line":6,"column":85}},"6":{"start":{"line":7,"column":0},"end":{"line":7,"column":73}},"7":{"start":{"line":8,"column":0},"end":{"line":8,"column":75}},"8":{"start":{"line":9,"column":0},"end":{"line":9,"column":56}},"9":{"start":{"line":10,"column":0},"end":{"line":10,"column":64}},"10":{"start":{"line":11,"column":0},"end":{"line":11,"column":60}},"11":{"start":{"line":12,"column":0},"end":{"line":12,"column":56}},"12":{"start":{"line":13,"column":0},"end":{"line":13,"column":54}},"13":{"start":{"line":14,"column":0},"end":{"line":14,"column":60}},"14":{"start":{"line":15,"column":0},"end":{"line":15,"column":48}},"15":{"start":{"line":16,"column":0},"end":{"line":16,"column":50}},"16":{"start":{"line":17,"column":0},"end":{"line":17,"column":0}},"17":{"start":{"line":18,"column":0},"end":{"line":18,"column":33}},"18":{"start":{"line":19,"column":0},"end":{"line":19,"column":37}},"19":{"start":{"line":20,"column":0},"end":{"line":20,"column":37}},"20":{"start":{"line":21,"column":0},"end":{"line":21,"column":33}},"21":{"start":{"line":22,"column":0},"end":{"line":22,"column":25}},"22":{"start":{"line":23,"column":0},"end":{"line":23,"column":31}},"23":{"start":{"line":24,"column":0},"end":{"line":24,"column":41}},"24":{"start":{"line":25,"column":0},"end":{"line":25,"column":33}},"25":{"start":{"line":26,"column":0},"end":{"line":26,"column":27}},"26":{"start":{"line":27,"column":0},"end":{"line":27,"column":1}},"27":{"start":{"line":28,"column":0},"end":{"line":28,"column":0}},"28":{"start":{"line":29,"column":0},"end":{"line":29,"column":31}},"29":{"start":{"line":30,"column":0},"end":{"line":30,"column":44}},"30":{"start":{"line":31,"column":0},"end":{"line":31,"column":44}},"31":{"start":{"line":32,"column":0},"end":{"line":32,"column":40}},"32":{"start":{"line":33,"column":0},"end":{"line":33,"column":32}},"33":{"start":{"line":34,"column":0},"end":{"line":34,"column":38}},"34":{"start":{"line":35,"column":0},"end":{"line":35,"column":48}},"35":{"start":{"line":36,"column":0},"end":{"line":36,"column":40}},"36":{"start":{"line":37,"column":0},"end":{"line":37,"column":34}},"37":{"start":{"line":38,"column":0},"end":{"line":38,"column":0}},"38":{"start":{"line":39,"column":0},"end":{"line":39,"column":20}},"39":{"start":{"line":40,"column":0},"end":{"line":40,"column":50}},"40":{"start":{"line":41,"column":0},"end":{"line":41,"column":50}},"41":{"start":{"line":42,"column":0},"end":{"line":42,"column":38}},"42":{"start":{"line":43,"column":0},"end":{"line":43,"column":44}},"43":{"start":{"line":44,"column":0},"end":{"line":44,"column":80}},"44":{"start":{"line":45,"column":0},"end":{"line":45,"column":47}},"45":{"start":{"line":46,"column":0},"end":{"line":46,"column":51}},"46":{"start":{"line":47,"column":0},"end":{"line":47,"column":50}},"47":{"start":{"line":48,"column":0},"end":{"line":48,"column":44}},"48":{"start":{"line":49,"column":0},"end":{"line":49,"column":53}},"49":{"start":{"line":50,"column":0},"end":{"line":50,"column":10}},"50":{"start":{"line":51,"column":0},"end":{"line":51,"column":40}},"51":{"start":{"line":52,"column":0},"end":{"line":52,"column":110}},"52":{"start":{"line":53,"column":0},"end":{"line":53,"column":5}},"53":{"start":{"line":54,"column":0},"end":{"line":54,"column":1}}},"s":{"0":1,"1":1,"2":1,"3":1,"4":1,"5":1,"6":1,"7":1,"8":1,"9":1,"10":1,"11":1,"12":1,"13":1,"14":1,"15":1,"16":1,"17":1,"18":1,"19":1,"20":1,"21":1,"22":1,"23":1,"24":1,"25":1,"26":1,"27":1,"28":1,"29":1,"30":1,"31":1,"32":1,"33":1,"34":1,"35":1,"36":1,"37":1,"38":1,"39":54,"40":54,"41":54,"42":54,"43":54,"44":54,"45":54,"46":54,"47":54,"48":54,"49":54,"50":54,"51":54,"52":54,"53":1},"branchMap":{"0":{"type":"branch","line":39,"loc":{"start":{"line":39,"column":4},"end":{"line":53,"column":5}},"locations":[{"start":{"line":39,"column":4},"end":{"line":53,"column":5}}]}},"b":{"0":[54]},"fnMap":{"0":{"name":"InMemoryDatabase","decl":{"start":{"line":39,"column":4},"end":{"line":53,"column":5}},"loc":{"start":{"line":39,"column":4},"end":{"line":53,"column":5}},"line":39}},"f":{"0":54}}
,"C:\\Users\\T-GAMER\\Desktop\\Meus Projetos\\nova-pagina-de-blog\\server\\src\\repository\\in-memory\\in-memory-management.ts": {"path":"C:\\Users\\T-GAMER\\Desktop\\Meus Projetos\\nova-pagina-de-blog\\server\\src\\repository\\in-memory\\in-memory-management.ts","all":false,"statementMap":{"0":{"start":{"line":1,"column":0},"end":{"line":1,"column":52}},"1":{"start":{"line":2,"column":0},"end":{"line":2,"column":85}},"2":{"start":{"line":3,"column":0},"end":{"line":3,"column":0}},"3":{"start":{"line":4,"column":0},"end":{"line":4,"column":0}},"4":{"start":{"line":5,"column":0},"end":{"line":5,"column":65}},"5":{"start":{"line":6,"column":0},"end":{"line":6,"column":35}},"6":{"start":{"line":7,"column":0},"end":{"line":7,"column":0}},"7":{"start":{"line":8,"column":0},"end":{"line":8,"column":56}},"8":{"start":{"line":9,"column":0},"end":{"line":9,"column":24}},"9":{"start":{"line":10,"column":0},"end":{"line":10,"column":39}},"10":{"start":{"line":11,"column":0},"end":{"line":11,"column":28}},"11":{"start":{"line":12,"column":0},"end":{"line":12,"column":30}},"12":{"start":{"line":13,"column":0},"end":{"line":13,"column":36}},"13":{"start":{"line":14,"column":0},"end":{"line":14,"column":50}},"14":{"start":{"line":15,"column":0},"end":{"line":15,"column":22}},"15":{"start":{"line":16,"column":0},"end":{"line":16,"column":9}},"16":{"start":{"line":17,"column":0},"end":{"line":17,"column":31}},"17":{"start":{"line":18,"column":0},"end":{"line":18,"column":21}},"18":{"start":{"line":19,"column":0},"end":{"line":19,"column":5}},"19":{"start":{"line":20,"column":0},"end":{"line":20,"column":4}},"20":{"start":{"line":21,"column":0},"end":{"line":21,"column":38}},"21":{"start":{"line":22,"column":0},"end":{"line":22,"column":72}},"22":{"start":{"line":23,"column":0},"end":{"line":23,"column":21}},"23":{"start":{"line":24,"column":0},"end":{"line":24,"column":23}},"24":{"start":{"line":25,"column":0},"end":{"line":25,"column":9}},"25":{"start":{"line":26,"column":0},"end":{"line":26,"column":21}},"26":{"start":{"line":27,"column":0},"end":{"line":27,"column":5}},"27":{"start":{"line":28,"column":0},"end":{"line":28,"column":0}},"28":{"start":{"line":29,"column":0},"end":{"line":29,"column":32}},"29":{"start":{"line":30,"column":0},"end":{"line":30,"column":66}},"30":{"start":{"line":31,"column":0},"end":{"line":31,"column":21}},"31":{"start":{"line":32,"column":0},"end":{"line":32,"column":23}},"32":{"start":{"line":33,"column":0},"end":{"line":33,"column":9}},"33":{"start":{"line":34,"column":0},"end":{"line":34,"column":21}},"34":{"start":{"line":35,"column":0},"end":{"line":35,"column":5}},"35":{"start":{"line":36,"column":0},"end":{"line":36,"column":25}},"36":{"start":{"line":37,"column":0},"end":{"line":37,"column":82}},"37":{"start":{"line":38,"column":0},"end":{"line":38,"column":22}},"38":{"start":{"line":39,"column":0},"end":{"line":39,"column":23}},"39":{"start":{"line":40,"column":0},"end":{"line":40,"column":9}},"40":{"start":{"line":41,"column":0},"end":{"line":41,"column":22}},"41":{"start":{"line":42,"column":0},"end":{"line":42,"column":5}},"42":{"start":{"line":43,"column":0},"end":{"line":43,"column":34}},"43":{"start":{"line":44,"column":0},"end":{"line":44,"column":67}},"44":{"start":{"line":45,"column":0},"end":{"line":45,"column":66}},"45":{"start":{"line":46,"column":0},"end":{"line":46,"column":0}},"46":{"start":{"line":47,"column":0},"end":{"line":47,"column":32}},"47":{"start":{"line":48,"column":0},"end":{"line":48,"column":8}},"48":{"start":{"line":49,"column":0},"end":{"line":49,"column":22}},"49":{"start":{"line":50,"column":0},"end":{"line":50,"column":5}},"50":{"start":{"line":51,"column":0},"end":{"line":51,"column":1}}},"s":{"0":1,"1":1,"2":1,"3":1,"4":1,"5":54,"6":1,"7":1,"8":24,"9":24,"10":24,"11":24,"12":24,"13":24,"14":24,"15":24,"16":24,"17":24,"18":24,"19":1,"20":1,"21":7,"22":7,"23":4,"24":4,"25":3,"26":7,"27":1,"28":1,"29":9,"30":9,"31":2,"32":2,"33":7,"34":9,"35":1,"36":15,"37":15,"38":0,"39":0,"40":15,"41":15,"42":1,"43":1,"44":1,"45":1,"46":1,"47":1,"48":1,"49":1,"50":1},"branchMap":{"0":{"type":"branch","line":5,"loc":{"start":{"line":5,"column":7},"end":{"line":6,"column":35}},"locations":[{"start":{"line":5,"column":7},"end":{"line":6,"column":35}}]},"1":{"type":"branch","line":8,"loc":{"start":{"line":8,"column":4},"end":{"line":19,"column":5}},"locations":[{"start":{"line":8,"column":4},"end":{"line":19,"column":5}}]},"2":{"type":"branch","line":10,"loc":{"start":{"line":10,"column":21},"end":{"line":10,"column":39}},"locations":[{"start":{"line":10,"column":21},"end":{"line":10,"column":39}}]},"3":{"type":"branch","line":14,"loc":{"start":{"line":14,"column":28},"end":{"line":14,"column":50}},"locations":[{"start":{"line":14,"column":28},"end":{"line":14,"column":50}}]},"4":{"type":"branch","line":21,"loc":{"start":{"line":21,"column":4},"end":{"line":27,"column":5}},"locations":[{"start":{"line":21,"column":4},"end":{"line":27,"column":5}}]},"5":{"type":"branch","line":23,"loc":{"start":{"line":23,"column":20},"end":{"line":25,"column":9}},"locations":[{"start":{"line":23,"column":20},"end":{"line":25,"column":9}}]},"6":{"type":"branch","line":25,"loc":{"start":{"line":25,"column":8},"end":{"line":26,"column":21}},"locations":[{"start":{"line":25,"column":8},"end":{"line":26,"column":21}}]},"7":{"type":"branch","line":22,"loc":{"start":{"line":22,"column":39},"end":{"line":22,"column":71}},"locations":[{"start":{"line":22,"column":39},"end":{"line":22,"column":71}}]},"8":{"type":"branch","line":29,"loc":{"start":{"line":29,"column":4},"end":{"line":35,"column":5}},"locations":[{"start":{"line":29,"column":4},"end":{"line":35,"column":5}}]},"9":{"type":"branch","line":31,"loc":{"start":{"line":31,"column":20},"end":{"line":33,"column":9}},"locations":[{"start":{"line":31,"column":20},"end":{"line":33,"column":9}}]},"10":{"type":"branch","line":33,"loc":{"start":{"line":33,"column":8},"end":{"line":34,"column":21}},"locations":[{"start":{"line":33,"column":8},"end":{"line":34,"column":21}}]},"11":{"type":"branch","line":30,"loc":{"start":{"line":30,"column":39},"end":{"line":30,"column":65}},"locations":[{"start":{"line":30,"column":39},"end":{"line":30,"column":65}}]},"12":{"type":"branch","line":36,"loc":{"start":{"line":36,"column":4},"end":{"line":42,"column":5}},"locations":[{"start":{"line":36,"column":4},"end":{"line":42,"column":5}}]},"13":{"type":"branch","line":38,"loc":{"start":{"line":38,"column":21},"end":{"line":40,"column":9}},"locations":[{"start":{"line":38,"column":21},"end":{"line":40,"column":9}}]},"14":{"type":"branch","line":37,"loc":{"start":{"line":37,"column":42},"end":{"line":37,"column":81}},"locations":[{"start":{"line":37,"column":42},"end":{"line":37,"column":81}}]},"15":{"type":"branch","line":43,"loc":{"start":{"line":43,"column":4},"end":{"line":50,"column":5}},"locations":[{"start":{"line":43,"column":4},"end":{"line":50,"column":5}}]},"16":{"type":"branch","line":47,"loc":{"start":{"line":47,"column":21},"end":{"line":47,"column":32}},"locations":[{"start":{"line":47,"column":21},"end":{"line":47,"column":32}}]},"17":{"type":"branch","line":44,"loc":{"start":{"line":44,"column":40},"end":{"line":44,"column":66}},"locations":[{"start":{"line":44,"column":40},"end":{"line":44,"column":66}}]},"18":{"type":"branch","line":45,"loc":{"start":{"line":45,"column":39},"end":{"line":45,"column":65}},"locations":[{"start":{"line":45,"column":39},"end":{"line":45,"column":65}}]}},"b":{"0":[54],"1":[24],"2":[12],"3":[23],"4":[7],"5":[4],"6":[3],"7":[4],"8":[9],"9":[2],"10":[7],"11":[7],"12":[15],"13":[0],"14":[5],"15":[1],"16":[0],"17":[2],"18":[2]},"fnMap":{"0":{"name":"InMemoryManagement","decl":{"start":{"line":5,"column":7},"end":{"line":6,"column":35}},"loc":{"start":{"line":5,"column":7},"end":{"line":6,"column":35}},"line":5},"1":{"name":"register","decl":{"start":{"line":8,"column":4},"end":{"line":19,"column":5}},"loc":{"start":{"line":8,"column":4},"end":{"line":19,"column":5}},"line":8},"2":{"name":"findByEmail","decl":{"start":{"line":21,"column":4},"end":{"line":27,"column":5}},"loc":{"start":{"line":21,"column":4},"end":{"line":27,"column":5}},"line":21},"3":{"name":"findById","decl":{"start":{"line":29,"column":4},"end":{"line":35,"column":5}},"loc":{"start":{"line":29,"column":4},"end":{"line":35,"column":5}},"line":29},"4":{"name":"findAuthors","decl":{"start":{"line":36,"column":4},"end":{"line":42,"column":5}},"loc":{"start":{"line":36,"column":4},"end":{"line":42,"column":5}},"line":36},"5":{"name":"deleteById","decl":{"start":{"line":43,"column":4},"end":{"line":50,"column":5}},"loc":{"start":{"line":43,"column":4},"end":{"line":50,"column":5}},"line":43}},"f":{"0":54,"1":24,"2":7,"3":9,"4":15,"5":1}}
,"C:\\Users\\T-GAMER\\Desktop\\Meus Projetos\\nova-pagina-de-blog\\server\\src\\repository\\in-memory\\in-memory-tags.ts": {"path":"C:\\Users\\T-GAMER\\Desktop\\Meus Projetos\\nova-pagina-de-blog\\server\\src\\repository\\in-memory\\in-memory-tags.ts","all":false,"statementMap":{"0":{"start":{"line":1,"column":0},"end":{"line":1,"column":75}},"1":{"start":{"line":2,"column":0},"end":{"line":2,"column":46}},"2":{"start":{"line":3,"column":0},"end":{"line":3,"column":0}},"3":{"start":{"line":4,"column":0},"end":{"line":4,"column":0}},"4":{"start":{"line":5,"column":0},"end":{"line":5,"column":53}},"5":{"start":{"line":6,"column":0},"end":{"line":6,"column":29}},"6":{"start":{"line":7,"column":0},"end":{"line":7,"column":0}},"7":{"start":{"line":8,"column":0},"end":{"line":8,"column":48}},"8":{"start":{"line":9,"column":0},"end":{"line":9,"column":22}},"9":{"start":{"line":10,"column":0},"end":{"line":10,"column":36}},"10":{"start":{"line":11,"column":0},"end":{"line":11,"column":25}},"11":{"start":{"line":12,"column":0},"end":{"line":12,"column":9}},"12":{"start":{"line":13,"column":0},"end":{"line":13,"column":29}},"13":{"start":{"line":14,"column":0},"end":{"line":14,"column":19}},"14":{"start":{"line":15,"column":0},"end":{"line":15,"column":5}},"15":{"start":{"line":16,"column":0},"end":{"line":16,"column":36}},"16":{"start":{"line":17,"column":0},"end":{"line":17,"column":60}},"17":{"start":{"line":18,"column":0},"end":{"line":18,"column":18}},"18":{"start":{"line":19,"column":0},"end":{"line":19,"column":23}},"19":{"start":{"line":20,"column":0},"end":{"line":20,"column":9}},"20":{"start":{"line":21,"column":0},"end":{"line":21,"column":18}},"21":{"start":{"line":22,"column":0},"end":{"line":22,"column":5}},"22":{"start":{"line":23,"column":0},"end":{"line":23,"column":32}},"23":{"start":{"line":24,"column":0},"end":{"line":24,"column":57}},"24":{"start":{"line":25,"column":0},"end":{"line":25,"column":18}},"25":{"start":{"line":26,"column":0},"end":{"line":26,"column":23}},"26":{"start":{"line":27,"column":0},"end":{"line":27,"column":9}},"27":{"start":{"line":28,"column":0},"end":{"line":28,"column":44}},"28":{"start":{"line":29,"column":0},"end":{"line":29,"column":5}},"29":{"start":{"line":30,"column":0},"end":{"line":30,"column":42}},"30":{"start":{"line":31,"column":0},"end":{"line":31,"column":63}},"31":{"start":{"line":32,"column":0},"end":{"line":32,"column":19}},"32":{"start":{"line":33,"column":0},"end":{"line":33,"column":23}},"33":{"start":{"line":34,"column":0},"end":{"line":34,"column":9}},"34":{"start":{"line":35,"column":0},"end":{"line":35,"column":19}},"35":{"start":{"line":36,"column":0},"end":{"line":36,"column":5}},"36":{"start":{"line":37,"column":0},"end":{"line":37,"column":0}},"37":{"start":{"line":38,"column":0},"end":{"line":38,"column":1}}},"s":{"0":1,"1":1,"2":1,"3":1,"4":1,"5":54,"6":1,"7":1,"8":9,"9":9,"10":9,"11":9,"12":9,"13":9,"14":9,"15":1,"16":4,"17":4,"18":2,"19":2,"20":2,"21":4,"22":1,"23":10,"24":10,"25":1,"26":1,"27":9,"28":10,"29":1,"30":0,"31":0,"32":0,"33":0,"34":0,"35":0,"36":1,"37":1},"branchMap":{"0":{"type":"branch","line":5,"loc":{"start":{"line":5,"column":7},"end":{"line":6,"column":29}},"locations":[{"start":{"line":5,"column":7},"end":{"line":6,"column":29}}]},"1":{"type":"branch","line":8,"loc":{"start":{"line":8,"column":4},"end":{"line":15,"column":5}},"locations":[{"start":{"line":8,"column":4},"end":{"line":15,"column":5}}]},"2":{"type":"branch","line":10,"loc":{"start":{"line":10,"column":21},"end":{"line":10,"column":36}},"locations":[{"start":{"line":10,"column":21},"end":{"line":10,"column":36}}]},"3":{"type":"branch","line":16,"loc":{"start":{"line":16,"column":4},"end":{"line":22,"column":5}},"locations":[{"start":{"line":16,"column":4},"end":{"line":22,"column":5}}]},"4":{"type":"branch","line":18,"loc":{"start":{"line":18,"column":17},"end":{"line":21,"column":18}},"locations":[{"start":{"line":18,"column":17},"end":{"line":21,"column":18}}]},"5":{"type":"branch","line":17,"loc":{"start":{"line":17,"column":36},"end":{"line":17,"column":59}},"locations":[{"start":{"line":17,"column":36},"end":{"line":17,"column":59}}]},"6":{"type":"branch","line":23,"loc":{"start":{"line":23,"column":4},"end":{"line":29,"column":5}},"locations":[{"start":{"line":23,"column":4},"end":{"line":29,"column":5}}]},"7":{"type":"branch","line":25,"loc":{"start":{"line":25,"column":17},"end":{"line":27,"column":9}},"locations":[{"start":{"line":25,"column":17},"end":{"line":27,"column":9}}]},"8":{"type":"branch","line":27,"loc":{"start":{"line":27,"column":8},"end":{"line":28,"column":44}},"locations":[{"start":{"line":27,"column":8},"end":{"line":28,"column":44}}]},"9":{"type":"branch","line":24,"loc":{"start":{"line":24,"column":36},"end":{"line":24,"column":56}},"locations":[{"start":{"line":24,"column":36},"end":{"line":24,"column":56}}]}},"b":{"0":[54],"1":[9],"2":[5],"3":[4],"4":[2],"5":[2],"6":[10],"7":[1],"8":[9],"9":[10]},"fnMap":{"0":{"name":"InMemoryTags","decl":{"start":{"line":5,"column":7},"end":{"line":6,"column":29}},"loc":{"start":{"line":5,"column":7},"end":{"line":6,"column":29}},"line":5},"1":{"name":"create","decl":{"start":{"line":8,"column":4},"end":{"line":15,"column":5}},"loc"
[...]
,"C:\\Users\\T-GAMER\\Desktop\\Meus Projetos\\nova-pagina-de-blog\\server\\src\\services\\management\\admin\\delete-authors-service.ts": {"path":"C:\\Users\\T-GAMER\\Desktop\\Meus Projetos\\nova-pagina-de-blog\\server\\src\\services\\management\\admin\\delete-authors-service.ts","all":false,"statementMap":{"0":{"start":{"line":1,"column":0},"end":{"line":1,"column":102}},"1":{"start":{"line":2,"column":0},"end":{"line":2,"column":72}},"2":{"start":{"line":3,"column":0},"end":{"line":3,"column":0}},"3":{"start":{"line":4,"column":0},"end":{"line":4,"column":32}},"4":{"start":{"line":5,"column":0},"end":{"line":5,"column":22}},"5":{"start":{"line":6,"column":0},"end":{"line":6,"column":1}},"6":{"start":{"line":7,"column":0},"end":{"line":7,"column":0}},"7":{"start":{"line":8,"column":0},"end":{"line":8,"column":35}},"8":{"start":{"line":9,"column":0},"end":{"line":9,"column":71}},"9":{"start":{"line":10,"column":0},"end":{"line":10,"column":56}},"10":{"start":{"line":11,"column":0},"end":{"line":11,"column":77}},"11":{"start":{"line":12,"column":0},"end":{"line":12,"column":21}},"12":{"start":{"line":13,"column":0},"end":{"line":13,"column":58}},"13":{"start":{"line":14,"column":0},"end":{"line":14,"column":33}},"14":{"start":{"line":15,"column":0},"end":{"line":15,"column":28}},"15":{"start":{"line":16,"column":0},"end":{"line":16,"column":13}},"16":{"start":{"line":17,"column":0},"end":{"line":17,"column":25}},"17":{"start":{"line":18,"column":0},"end":{"line":18,"column":9}},"18":{"start":{"line":19,"column":0},"end":{"line":19,"column":5}},"19":{"start":{"line":20,"column":0},"end":{"line":20,"column":1}}},"s":{"0":1,"1":1,"2":1,"3":1,"4":1,"5":1,"6":1,"7":1,"8":1,"9":1,"10":1,"11":1,"12":1,"13":1,"14":0,"15":0,"16":1,"17":1,"18":1,"19":1},"branchMap":{"0":{"type":"branch","line":9,"loc":{"start":{"line":9,"column":4},"end":{"line":9,"column":71}},"locations":[{"start":{"line":9,"column":4},"end":{"line":9,"column":71}}]},"1":{"type":"branch","line":10,"loc":{"start":{"line":10,"column":4},"end":{"line":19,"column":5}},"locations":[{"start":{"line":10,"column":4},"end":{"line":19,"column":5}}]},"2":{"type":"branch","line":14,"loc":{"start":{"line":14,"column":31},"end":{"line":16,"column":13}},"locations":[{"start":{"line":14,"column":31},"end":{"line":16,"column":13}}]}},"b":{"0":[1],"1":[1],"2":[0]},"fnMap":{"0":{"name":"DeleteAuthorsService","decl":{"start":{"line":9,"column":4},"end":{"line":9,"column":71}},"loc":{"start":{"line":9,"column":4},"end":{"line":9,"column":71}},"line":9},"1":{"name":"handler","decl":{"start":{"line":10,"column":4},"end":{"line":19,"column":5}},"loc":{"start":{"line":10,"column":4},"end":{"line":19,"column":5}},"line":10}},"f":{"0":1,"1":1}}
,"C:\\Users\\T-GAMER\\Desktop\\Meus Projetos\\nova-pagina-de-blog\\server\\src\\services\\tags\\create-tag-service.ts": {"path":"C:\\Users\\T-GAMER\\Desktop\\Meus Projetos\\nova-pagina-de-blog\\server\\src\\services\\tags\\create-tag-service.ts","all":false,"statementMap":{"0":{"start":{"line":1,"column":0},"end":{"line":1,"column":87}},"1":{"start":{"line":2,"column":0},"end":{"line":2,"column":0}},"2":{"start":{"line":3,"column":0},"end":{"line":3,"column":28}},"3":{"start":{"line":4,"column":0},"end":{"line":4,"column":16}},"4":{"start":{"line":5,"column":0},"end":{"line":5,"column":17}},"5":{"start":{"line":6,"column":0},"end":{"line":6,"column":1}},"6":{"start":{"line":7,"column":0},"end":{"line":7,"column":0}},"7":{"start":{"line":8,"column":0},"end":{"line":8,"column":31}},"8":{"start":{"line":9,"column":0},"end":{"line":9,"column":16}},"9":{"start":{"line":10,"column":0},"end":{"line":10,"column":47}},"10":{"start":{"line":11,"column":0},"end":{"line":11,"column":9}},"11":{"start":{"line":12,"column":0},"end":{"line":12,"column":49}},"12":{"start":{"line":13,"column":0},"end":{"line":13,"column":42}},"13":{"start":{"line":14,"column":0},"end":{"line":14,"column":63}},"14":{"start":{"line":15,"column":0},"end":{"line":15,"column":18}},"15":{"start":{"line":16,"column":0},"end":{"line":16,"column":23}},"16":{"start":{"line":17,"column":0},"end":{"line":17,"column":9}},"17":{"start":{"line":18,"column":0},"end":{"line":18,"column":0}},"18":{"start":{"line":19,"column":0},"end":{"line":19,"column":48}},"19":{"start":{"line":20,"column":0},"end":{"line":20,"column":19}},"20":{"start":{"line":21,"column":0},"end":{"line":21,"column":24}},"21":{"start":{"line":22,"column":0},"end":{"line":22,"column":10}},"22":{"start":{"line":23,"column":0},"end":{"line":23,"column":8}},"23":{"start":{"line":24,"column":0},"end":{"line":24,"column":18}},"24":{"start":{"line":25,"column":0},"end":{"line":25,"column":5}},"25":{"start":{"line":26,"column":0},"end":{"line":26,"column":1}}},"s":{"0":1,"1":1,"2":1,"3":1,"4":1,"5":1,"6":1,"7":1,"8":1,"9":2,"10":2,"11":1,"12":3,"13":3,"14":3,"15":1,"16":1,"17":2,"18":2,"19":2,"20":2,"21":2,"22":2,"23":2,"24":3,"25":1},"branchMap":{"0":{"type":"branch","line":9,"loc":{"start":{"line":9,"column":4},"end":{"line":11,"column":9}},"locations":[{"start":{"line":9,"column":4},"end":{"line":11,"column":9}}]},"1":{"type":"branch","line":12,"loc":{"start":{"line":12,"column":4},"end":{"line":25,"column":5}},"locations":[{"start":{"line":12,"column":4},"end":{"line":25,"column":5}}]},"2":{"type":"branch","line":15,"loc":{"start":{"line":15,"column":17},"end":{"line":17,"column":9}},"locations":[{"start":{"line":15,"column":17},"end":{"line":17,"column":9}}]},"3":{"type":"branch","line":17,"loc":{"start":{"line":17,"column":8},"end":{"line":24,"column":18}},"locations":[{"start":{"line":17,"column":8},"end":{"line":24,"column":18}}]}},"b":{"0":[2],"1":[3],"2":[1],"3":[2]},"fnMap":{"0":{"name":"CreateTagService","decl":{"start":{"line":9,"column":4},"end":{"line":11,"column":9}},"loc":{"start":{"line":9,"column":4},"end":{"line":11,"column":9}},"line":9},"1":{"name":"handler","decl":{"start":{"line":12,"column":4},"end":{"line":25,"column":5}},"loc":{"start":{"line":12,"column":4},"end":{"line":25,"column":5}},"line":12}},"f":{"0":2,"1":3}}
,"C:\\Users\\T-GAMER\\Desktop\\Meus Projetos\\nova-pagina-de-blog\\server\\src\\services\\tags\\get-tags-by-article-id.ts": {"path":"C:\\Users\\T-GAMER\\Desktop\\Meus Projetos\\nova-pagina-de-blog\\server\\src\\services\\tags\\get-tags-by-article-id.ts","all":false,"statementMap":{"0":{"start":{"line":1,"column":0},"end":{"line":1,"column":104}},"1":{"start":{"line":2,"column":0},"end":{"line":2,"column":87}},"2":{"start":{"line":3,"column":0},"end":{"line":3,"column":0}},"3":{"start":{"line":4,"column":0},"end":{"line":4,"column":30}},"4":{"start":{"line":5,"column":0},"end":{"line":5,"column":23}},"5":{"start":{"line":6,"column":0},"end":{"line":6,"column":1}},"6":{"start":{"line":7,"column":0},"end":{"line":7,"column":0}},"7":{"start":{"line":8,"column":0},"end":{"line":8,"column":33}},"8":{"start":{"line":9,"column":0},"end":{"line":9,"column":16}},"9":{"start":{"line":10,"column":0},"end":{"line":10,"column":47}},"10":{"start":{"line":11,"column":0},"end":{"line":11,"column":63}},"11":{"start":{"line":12,"column":0},"end":{"line":12,"column":9}},"12":{"start":{"line":13,"column":0},"end":{"line":13,"column":53}},"13":{"start":{"line":14,"column":0},"end":{"line":14,"column":90}},"14":{"start":{"line":15,"column":0},"end":{"line":15,"column":20}},"15":{"start":{"line":16,"column":0},"end":{"line":16,"column":27}},"16":{"start":{"line":17,"column":0},"end":{"line":17,"column":37}},"17":{"start":{"line":18,"column":0},"end":{"line":18,"column":76}},"18":{"start":{"line":19,"column":0},"end":{"line":19,"column":30}},"19":{"start":{"line":20,"column":0},"end":{"line":20,"column":13}},"20":{"start":{"line":21,"column":0},"end":{"line":21,"column":23}},"21":{"start":{"line":22,"column":0},"end":{"line":22,"column":12}},"22":{"start":{"line":23,"column":0},"end":{"line":23,"column":19}},"23":{"start":{"line":24,"column":0},"end":{"line":24,"column":5}},"24":{"start":{"line":25,"column":0},"end":{"line":25,"column":1}}},"s":{"0":1,"1":1,"2":1,"3":1,"4":1,"5":1,"6":1,"7":1,"8":1,"9":2,"10":2,"11":2,"12":1,"13":2,"14":2,"15":2,"16":2,"17":3,"18":3,"19":3,"20":2,"21":2,"22":0,"23":2,"24":1},"branchMap":{"0":{"type":"branch","line":9,"loc":{"start":{"line":9,"column":4},"end":{"line":12,"column":9}},"locations":[{"start":{"line":9,"column":4},"end":{"line":12,"column":9}}]},"1":{"type":"branch","line":13,"loc":{"start":{"line":13,"column":4},"end":{"line":24,"column":5}},"locations":[{"start":{"line":13,"column":4},"end":{"line":24,"column":5}}]},"2":{"type":"branch","line":17,"loc":{"start":{"line":17,"column":36},"end":{"line":20,"column":13}},"locations":[{"start":{"line":17,"column":36},"end":{"line":20,"column":13}}]},"3":{"type":"branch","line":22,"loc":{"start":{"line":22,"column":8},"end":{"line":23,"column":19}},"locations":[{"start":{"line":22,"column":8},"end":{"line":23,"column":19}}]}},"b":{"0":[2],"1":[2],"2":[3],"3":[0]},"fnMap":{"0":{"name":"GetTagsByArticleId","decl":{"start":{"line":9,"column":4},"end":{"line":12,"column":9}},"loc":{"start":{"line":9,"column":4},"end":{"line":12,"column":9}},"line":9},"1":{"name":"handler","decl":{"start":{"line":13,"column":4},"end":{"line":24,"column":5}},"loc":{"start":{"line":13,"column":4},"end":{"line":24,"column":5}},"line":13}},"f":{"0":2,"1":2}}
,"C:\\Users\\T-GAMER\\Desktop\\Meus Projetos\\nova-pagina-de-blog\\server\\src\\services\\users\\get-users-by-email-service.ts": {"path":"C:\\Users\\T-GAMER\\Desktop\\Meus Projetos\\nova-pagina-de-blog\\server\\src\\services\\users\\get-users-by-email-service.ts","all":false,"statementMap":{"0":{"start":{"line":1,"column":0},"end":{"line":1,"column":31}},"1":{"start":{"line":2,"column":0},"end":{"line":2,"column":88}},"2":{"start":{"line":3,"column":0},"end":{"line":3,"column":89}},"3":{"start":{"line":4,"column":0},"end":{"line":4,"column":0}},"4":{"start":{"line":5,"column":0},"end":{"line":5,"column":34}},"5":{"start":{"line":6,"column":0},"end":{"line":6,"column":18}},"6":{"start":{"line":7,"column":0},"end":{"line":7,"column":1}},"7":{"start":{"line":8,"column":0},"end":{"line":8,"column":0}},"8":{"start":{"line":9,"column":0},"end":{"line":9,"column":37}},"9":{"start":{"line":10,"column":0},"end":{"line":10,"column":61}},"10":{"start":{"line":11,"column":0},"end":{"line":11,"column":54}},"11":{"start":{"line":12,"column":0},"end":{"line":12,"column":79}},"12":{"start":{"line":13,"column":0},"end":{"line":13,"column":32}},"13":{"start":{"line":14,"column":0},"end":{"line":14,"column":8}},"14":{"start":{"line":15,"column":0},"end":{"line":15,"column":5}},"15":{"start":{"line":16,"column":0},"end":{"line":16,"column":1}}},"s":{"0":1,"1":1,"2":1,"3":1,"4":1,"5":1,"6":1,"7":1,"8":1,"9":1,"10":1,"11":2,"12":2,"13":2,"14":2,"15":1},"branchMap":{"0":{"type":"branch","line":10,"loc":{"start":{"line":10,"column":4},"end":{"line":10,"column":61}},"locations":[{"start":{"line":10,"column":4},"end":{"line":10,"column":61}}]},"1":{"type":"branch","line":11,"loc":{"start":{"line":11,"column":4},"end":{"line":15,"column":5}},"locations":[{"start":{"line":11,"column":4},"end":{"line":15,"column":5}}]}},"b":{"0":[2],"1":[2]},"fnMap":{"0":{"name":"GetUsersByEmailService","decl":{"start":{"line":10,"column":4},"end":{"line":10,"column":61}},"loc":{"start":{"line":10,"column":4},"end":{"line":10,"column":61}},"line":10},"1":{"name":"handler","decl":{"start":{"line":11,"column":4},"end":{"line":15,"column":5}},"loc":{"start":{"line":11,"column":4},"end":{"line":15,"column":5}},"line":11}},"f":{"0":2,"1":2}}
,"C:\\Users\\T-GAMER\\Desktop\\Meus Projetos\\nova-pagina-de-blog\\server\\src\\services\\users\\register-users-service.ts": {"path":"C:\\Users\\T-GAMER\\Desktop\\Meus Projetos\\nova-pagina-de-blog\\server\\src\\services\\users\\register-users-service.ts","all":false,"statementMap":{"0":{"start":{"line":1,"column":0},"end":{"line":1,"column":31}},"1":{"start":{"line":2,"column":0},"end":{"line":2,"column":88}},"2":{"start":{"line":3,"column":0},"end":{"line":3,"column":89}},"3":{"start":{"line":4,"column":0},"end":{"line":4,"column":0}},"4":{"start":{"line":5,"column":0},"end":{"line":5,"column":32}},"5":{"start":{"line":6,"column":0},"end":{"line":6,"column":17}},"6":{"start":{"line":7,"column":0},"end":{"line":7,"column":18}},"7":{"start":{"line":8,"column":0},"end":{"line":8,"column":19}},"8":{"start":{"line":9,"column":0},"end":{"line":9,"column":1}},"9":{"start":{"line":10,"column":0},"end":{"line":10,"column":0}},"10":{"start":{"line":11,"column":0},"end":{"line":11,"column":35}},"11":{"start":{"line":12,"column":0},"end":{"line":12,"column":61}},"12":{"start":{"line":13,"column":0},"end":{"line":13,"column":64}},"13":{"start":{"line":14,"column":0},"end":{"line":14,"column":0}},"14":{"start":{"line":15,"column":0},"end":{"line":15,"column":79}},"15":{"start":{"line":16,"column":0},"end":{"line":16,"column":30}},"16":{"start":{"line":17,"column":0},"end":{"line":17,"column":35}},"17":{"start":{"line":18,"column":0},"end":{"line":18,"column":9}},"18":{"start":{"line":19,"column":0},"end":{"line":19,"column":79}},"19":{"start":{"line":20,"column":0},"end":{"line":20,"column":19}},"20":{"start":{"line":21,"column":0},"end":{"line":21,"column":8}},"21":{"start":{"line":22,"column":0},"end":{"line":22,"column":5}},"22":{"start":{"line":23,"column":0},"end":{"line":23,"column":1}}},"s":{"0":1,"1":1,"2":1,"3":1,"4":1,"5":1,"6":1,"7":1,"8":1,"9":1,"10":1,"11":1,"12":1,"13":3,"14":3,"15":3,"16":1,"17":1,"18":2,"19":2,"20":3,"21":3,"22":1},"branchMap":{"0":{"type":"branch","line":12,"loc":{"start":{"line":12,"column":4},"end":{"line":12,"column":61}},"locations":[{"start":{"line":12,"column":4},"end":{"line":12,"column":61}}]},"1":{"type":"branch","line":13,"loc":{"start":{"line":13,"column":4},"end":{"line":22,"column":5}},"locations":[{"start":{"line":13,"column":4},"end":{"line":22,"column":5}}]},"2":{"type":"branch","line":16,"loc":{"start":{"line":16,"column":29},"end":{"line":18,"column":9}},"locations":[{"start":{"line":16,"column":29},"end":{"line":18,"column":9}}]},"3":{"type":"branch","line":18,"loc":{"start":{"line":18,"column":8},"end":{"line":20,"column":19}},"locations":[{"start":{"line":18,"column":8},"end":{"line":20,"column":19}}]}},"b":{"0":[2],"1":[3],"2":[1],"3":[2]},"fnMap":{"0":{"name":"RegisterUsersService","decl":{"start":{"line":12,"column":4},"end":{"line":12,"column":61}},"loc":{"start":{"line":12,"column":4},"end":{"line":12,"column":61}},"line":12},"1":{"name":"handler","decl":{"start":{"line":13,"column":4},"end":{"line":22,"column":5}},"loc":{"start":{"line":13,"column":4},"end":{"line":22,"column":5}},"line":13}},"f":{"0":2,"1":3}}
,"C:\\Users\\T-GAMER\\Desktop\\Meus Projetos\\nova-pagina-de-blog\\server\\src\\utils\\errors\\category-already-exists.ts": {"path":"C:\\Users\\T-GAMER\\Desktop\\Meus Projetos\\nova-pagina-de-blog\\server\\src\\utils\\errors\\category-already-exists.ts","all":false,"statementMap":{"0":{"start":{"line":1,"column":0},"end":{"line":1,"column":55}},"1":{"start":{"line":2,"column":0},"end":{"line":2,"column":18}},"2":{"start":{"line":3,"column":0},"end":{"line":3,"column":40}},"3":{"start":{"line":4,"column":0},"end":{"line":4,"column":5}},"4":{"start":{"line":5,"column":0},"end":{"line":5,"column":1}}},"s":{"0":1,"1":1,"2":1,"3":1,"4":1},"branchMap":{"0":{"type":"branch","line":2,"loc":{"start":{"line":2,"column":4},"end":{"line":4,"column":5}},"locations":[{"start":{"line":2,"column":4},"end":{"line":4,"column":5}}]}},"b":{"0":[1]},"fnMap":{"0":{"name":"CategoryAlreadyExistsError","decl":{"start":{"line":2,"column":4},"end":{"line":4,"column":5}},"loc":{"start":{"line":2,"column":4},"end":{"line":4,"column":5}},"line":2}},"f":{"0":1}}
,"C:\\Users\\T-GAMER\\Desktop\\Meus Projetos\\nova-pagina-de-blog\\server\\src\\utils\\errors\\email-already-exists-error.ts": {"path":"C:\\Users\\T-GAMER\\Desktop\\Meus Projetos\\nova-pagina-de-blog\\server\\src\\utils\\errors\\email-already-exists-error.ts","all":false,"statementMap":{"0":{"start":{"line":1,"column":0},"end":{"line":1,"column":52}},"1":{"start":{"line":2,"column":0},"end":{"line":2,"column":18}},"2":{"start":{"line":3,"column":0},"end":{"line":3,"column":38}},"3":{"start":{"line":4,"column":0},"end":{"line":4,"column":5}},"4":{"start":{"line":5,"column":0},"end":{"line":5,"column":1}}},"s":{"0":1,"1":1,"2":1,"3":1,"4":1},"branchMap":{"0":{"type":"branch","line":2,"loc":{"start":{"line":2,"column":4},"end":{"line":4,"column":5}},"locations":[{"start":{"line":2,"column":4},"end":{"line":4,"column":5}}]}},"b":{"0":[1]},"fnMap":{"0":{"name":"EmailAlreadyExistsError","decl":{"start":{"line":2,"column":4},"end":{"line":4,"column":5}},"loc":{"start":{"line":2,"column":4},"end":{"line":4,"column":5}},"line":2}},"f":{"0":1}}
,"C:\\Users\\T-GAMER\\Desktop\\Meus Projetos\\nova-pagina-de-blog\\server\\src\\utils\\errors\\forbidden-operation-error.ts": {"path":"C:\\Users\\T-GAMER\\Desktop\\Meus Projetos\\nova-pagina-de-blog\\server\\src\\utils\\errors\\forbidden-operation-error.ts","all":false,"statementMap":{"0":{"start":{"line":1,"column":0},"end":{"line":1,"column":52}},"1":{"start":{"line":2,"column":0},"end":{"line":2,"column":18}},"2":{"start":{"line":3,"column":0},"end":{"line":3,"column":63}},"3":{"start":{"line":4,"column":0},"end":{"line":4,"column":5}},"4":{"start":{"line":5,"column":0},"end":{"line":5,"column":1}}},"s":{"0":1,"1":1,"2":6,"3":6,"4":1},"branchMap":{"0":{"type":"branch","line":2,"loc":{"start":{"line":2,"column":4},"end":{"line":4,"column":5}},"locations":[{"start":{"line":2,"column":4},"end":{"line":4,"column":5}}]}},"b":{"0":[6]},"fnMap":{"0":{"name":"ForbiddenOperationError","decl":{"start":{"line":2,"column":4},"end":{"line":4,"column":5}},"loc":{"start":{"line":2,"column":4},"end":{"line":4,"column":5}},"line":2}},"f":{"0":6}}
,"C:\\Users\\T-GAMER\\Desktop\\Meus Projetos\\nova-pagina-de-blog\\server\\src\\utils\\errors\\invalid-credentials-error.ts": {"path":"C:\\Users\\T-GAMER\\Desktop\\Meus Projetos\\nova-pagina-de-blog\\server\\src\\utils\\errors\\invalid-credentials-error.ts","all":false,"statementMap":{"0":{"start":{"line":1,"column":0},"end":{"line":1,"column":52}},"1":{"start":{"line":2,"column":0},"end":{"line":2,"column":18}},"2":{"start":{"line":3,"column":0},"end":{"line":3,"column":37}},"3":{"start":{"line":4,"column":0},"end":{"line":4,"column":5}},"4":{"start":{"line":5,"column":0},"end":{"line":5,"column":1}}},"s":{"0":1,"1":1,"2":2,"3":2,"4":1},"branchMap":{"0":{"type":"branch","line":2,"loc":{"start":{"line":2,"column":4},"end":{"line":4,"column":5}},"locations":[{"start":{"line":2,"column":4},"end":{"line":4,"column":5}}]}},"b":{"0":[2]},"fnMap":{"0":{"name":"InvalidCredentialsError","decl":{"start":{"line":2,"column":4},"end":{"line":4,"column":5}},"loc":{"start":{"line":2,"column":4},"end":{"line":4,"column":5}},"line":2}},"f":{"0":2}}
,"C:\\Users\\T-GAMER\\Desktop\\Meus Projetos\\nova-pagina-de-blog\\server\\src\\utils\\errors\\resource-not-found-error.ts": {"path":"C:\\Users\\T-GAMER\\Desktop\\Meus Projetos\\nova-pagina-de-blog\\server\\src\\utils\\errors\\resource-not-found-error.ts","all":false,"statementMap":{"0":{"start":{"line":1,"column":0},"end":{"line":1,"column":50}},"1":{"start":{"line":2,"column":0},"end":{"line":2,"column":18}},"2":{"start":{"line":3,"column":0},"end":{"line":3,"column":36}},"3":{"start":{"line":4,"column":0},"end":{"line":4,"column":5}},"4":{"start":{"line":5,"column":0},"end":{"line":5,"column":1}}},"s":{"0":1,"1":1,"2":6,"3":6,"4":1},"branchMap":{"0":{"type":"branch","line":2,"loc":{"start":{"line":2,"column":4},"end":{"line":4,"column":5}},"locations":[{"start":{"line":2,"column":4},"end":{"line":4,"column":5}}]}},"b":{"0":[6]},"fnMap":{"0":{"name":"ResourceNotFoundError","decl":{"start":{"line":2,"column":4},"end":{"line":4,"column":5}},"loc":{"start":{"line":2,"column":4},"end":{"line":4,"column":5}},"line":2}},"f":{"0":6}}
}
